{"meta": {"format": 3, "version": "7.14.0", "timestamp": "2026-05-25T01:40:43.229397", "branch_coverage": false, "show_contexts": false}, "files": {"onefinance/__init__.py": {"executed_lines": [3, 4, 5, 12, 36, 38], "summary": {"covered_lines": 6, "num_statements": 6, "percent_covered": 100.0, "percent_covered_display": "100", "missing_lines": 0, "excluded_lines": 0, "percent_statements_covered": 100.0, "percent_statements_covered_display": "100"}, "missing_lines": [], "excluded_lines": [], "functions": {"": {"executed_lines": [3, 4, 5, 12, 36, 38], "summary": {"covered_lines": 6, "num_statements": 6, "percent_covered": 100.0, "percent_covered_display": "100", "missing_lines": 0, "excluded_lines": 0, "percent_statements_covered": 100.0, "percent_statements_covered_display": "100"}, "missing_lines": [], "excluded_lines": [], "start_line": 1}}, "classes": {"": {"executed_lines": [3, 4, 5, 12, 36, 38], "summary": {"covered_lines": 6, "num_statements": 6, "percent_covered": 100.0, "percent_covered_display": "100", "missing_lines": 0, "excluded_lines": 0, "percent_statements_covered": 100.0, "percent_statements_covered_display": "100"}, "missing_lines": [], "excluded_lines": [], "start_line": 1}}}, "onefinance/_clock.py": {"executed_lines": [11, 13, 14, 15, 16, 17, 20, 32, 35, 36, 38, 39, 41, 42, 44, 45, 48, 51, 53, 56, 59, 60, 61, 64, 65, 67, 68, 69, 71], "summary": {"covered_lines": 29, "num_statements": 29, "percent_covered": 100.0, "percent_covered_display": "100", "missing_lines": 0, "excluded_lines": 10, "percent_statements_covered": 100.0, "percent_statements_covered_display": "100"}, "missing_lines": [], "excluded_lines": [22, 23, 24, 25, 26, 27, 28, 29, 30, 31], "functions": {"Clock.now": {"executed_lines": [], "summary": {"covered_lines": 0, "num_statements": 0, "percent_covered": 100.0, "percent_covered_display": "100", "missing_lines": 0, "excluded_lines": 1, "percent_statements_covered": 100.0, "percent_statements_covered_display": "100"}, "missing_lines": [], "excluded_lines": [23], "start_line": 23}, "Clock.time": {"executed_lines": [], "summary": {"covered_lines": 0, "num_statements": 0, "percent_covered": 100.0, "percent_covered_display": "100", "missing_lines": 0, "excluded_lines": 1, "percent_statements_covered": 100.0, "percent_statements_covered_display": "100"}, "missing_lines": [], "excluded_lines": [25], "start_line": 25}, "Clock.perf_counter": {"executed_lines": [], "summary": {"covered_lines": 0, "num_statements": 0, "percent_covered": 100.0, "percent_covered_display": "100", "missing_lines": 0, "excluded_lines": 1, "percent_statements_covered": 100.0, "percent_statements_covered_display": "100"}, "missing_lines": [], "excluded_lines": [27], "start_line": 27}, "Clock.monotonic": {"executed_lines": [], "summary": {"covered_lines": 0, "num_statements": 0, "percent_covered": 100.0, "percent_covered_display": "100", "missing_lines": 0, "excluded_lines": 1, "percent_statements_covered": 100.0, "percent_statements_covered_display": "100"}, "missing_lines": [], "excluded_lines": [29], "start_line": 29}, "SystemClock.now": {"executed_lines": [36], "summary": {"covered_lines": 1, "num_statements": 1, "percent_covered": 100.0, "percent_covered_display": "100", "missing_lines": 0, "excluded_lines": 0, "percent_statements_covered": 100.0, "percent_statements_covered_display": "100"}, "missing_lines": [], "excluded_lines": [], "start_line": 35}, "SystemClock.time": {"executed_lines": [39], "summary": {"covered_lines": 1, "num_statements": 1, "percent_covered": 100.0, "percent_covered_display": "100", "missing_lines": 0, "excluded_lines": 0, "percent_statements_covered": 100.0, "percent_statements_covered_display": "100"}, "missing_lines": [], "excluded_lines": [], "start_line": 38}, "SystemClock.perf_counter": {"executed_lines": [42], "summary": {"covered_lines": 1, "num_statements": 1, "percent_covered": 100.0, "percent_covered_display": "100", "missing_lines": 0, "excluded_lines": 0, "percent_statements_covered": 100.0, "percent_statements_covered_display": "100"}, "missing_lines": [], "excluded_lines": [], "start_line": 41}, "SystemClock.monotonic": {"executed_lines": [45], "summary": {"covered_lines": 1, "num_statements": 1, "percent_covered": 100.0, "percent_covered_display": "100", "missing_lines": 0, "excluded_lines": 0, "percent_statements_covered": 100.0, "percent_statements_covered_display": "100"}, "missing_lines": [], "excluded_lines": [], "start_line": 44}, "get_clock": {"executed_lines": [53], "summary": {"covered_lines": 1, "num_statements": 1, "percent_covered": 100.0, "percent_covered_display": "100", "missing_lines": 0, "excluded_lines": 0, "percent_statements_covered": 100.0, "percent_statements_covered_display": "100"}, "missing_lines": [], "excluded_lines": [], "start_line": 51}, "set_clock": {"executed_lines": [59, 60, 61], "summary": {"covered_lines": 3, "num_statements": 3, "percent_covered": 100.0, "percent_covered_display": "100", "missing_lines": 0, "excluded_lines": 0, "percent_statements_covered": 100.0, "percent_statements_covered_display": "100"}, "missing_lines": [], "excluded_lines": [], "start_line": 56}, "use_clock": {"executed_lines": [67, 68, 69, 71], "summary": {"covered_lines": 4, "num_statements": 4, "percent_covered": 100.0, "percent_covered_display": "100", "missing_lines": 0, "excluded_lines": 0, "percent_statements_covered": 100.0, "percent_statements_covered_display": "100"}, "missing_lines": [], "excluded_lines": [], "start_line": 65}, "": {"executed_lines": [11, 13, 14, 15, 16, 17, 20, 32, 35, 38, 41, 44, 48, 51, 56, 64, 65], "summary": {"covered_lines": 17, "num_statements": 17, "percent_covered": 100.0, "percent_covered_display": "100", "missing_lines": 0, "excluded_lines": 6, "percent_statements_covered": 100.0, "percent_statements_covered_display": "100"}, "missing_lines": [], "excluded_lines": [22, 24, 26, 28, 30, 31], "start_line": 1}}, "classes": {"Clock": {"executed_lines": [], "summary": {"covered_lines": 0, "num_statements": 0, "percent_covered": 100.0, "percent_covered_display": "100", "missing_lines": 0, "excluded_lines": 4, "percent_statements_covered": 100.0, "percent_statements_covered_display": "100"}, "missing_lines": [], "excluded_lines": [23, 25, 27, 29], "start_line": 20}, "SystemClock": {"executed_lines": [36, 39, 42, 45], "summary": {"covered_lines": 4, "num_statements": 4, "percent_covered": 100.0, "percent_covered_display": "100", "missing_lines": 0, "excluded_lines": 0, "percent_statements_covered": 100.0, "percent_statements_covered_display": "100"}, "missing_lines": [], "excluded_lines": [], "start_line": 32}, "": {"executed_lines": [11, 13, 14, 15, 16, 17, 20, 32, 35, 38, 41, 44, 48, 51, 53, 56, 59, 60, 61, 64, 65, 67, 68, 69, 71], "summary": {"covered_lines": 25, "num_statements": 25, "percent_covered": 100.0, "percent_covered_display": "100", "missing_lines": 0, "excluded_lines": 6, "percent_statements_covered": 100.0, "percent_statements_covered_display": "100"}, "missing_lines": [], "excluded_lines": [22, 24, 26, 28, 30, 31], "start_line": 1}}}, "onefinance/_version.py": {"executed_lines": [3, 5, 14, 15, 16, 17, 18, 19, 21, 22, 24], "summary": {"covered_lines": 11, "num_statements": 11, "percent_covered": 100.0, "percent_covered_display": "100", "missing_lines": 0, "excluded_lines": 0, "percent_statements_covered": 100.0, "percent_statements_covered_display": "100"}, "missing_lines": [], "excluded_lines": [], "functions": {"": {"executed_lines": [3, 5, 14, 15, 16, 17, 18, 19, 21, 22, 24], "summary": {"covered_lines": 11, "num_statements": 11, "percent_covered": 100.0, "percent_covered_display": "100", "missing_lines": 0, "excluded_lines": 0, "percent_statements_covered": 100.0, "percent_statements_covered_display": "100"}, "missing_lines": [], "excluded_lines": [], "start_line": 1}}, "classes": {"": {"executed_lines": [3, 5, 14, 15, 16, 17, 18, 19, 21, 22, 24], "summary": {"covered_lines": 11, "num_statements": 11, "percent_covered": 100.0, "percent_covered_display": "100", "missing_lines": 0, "excluded_lines": 0, "percent_statements_covered": 100.0, "percent_statements_covered_display": "100"}, "missing_lines": [], "excluded_lines": [], "start_line": 1}}}, "onefinance/audit/__init__.py": {"executed_lines": [16, 17, 19], "summary": {"covered_lines": 3, "num_statements": 3, "percent_covered": 100.0, "percent_covered_display": "100", "missing_lines": 0, "excluded_lines": 0, "percent_statements_covered": 100.0, "percent_statements_covered_display": "100"}, "missing_lines": [], "excluded_lines": [], "functions": {"": {"executed_lines": [16, 17, 19], "summary": {"covered_lines": 3, "num_statements": 3, "percent_covered": 100.0, "percent_covered_display": "100", "missing_lines": 0, "excluded_lines": 0, "percent_statements_covered": 100.0, "percent_statements_covered_display": "100"}, "missing_lines": [], "excluded_lines": [], "start_line": 1}}, "classes": {"": {"executed_lines": [16, 17, 19], "summary": {"covered_lines": 3, "num_statements": 3, "percent_covered": 100.0, "percent_covered_display": "100", "missing_lines": 0, "excluded_lines": 0, "percent_statements_covered": 100.0, "percent_statements_covered_display": "100"}, "missing_lines": [], "excluded_lines": [], "start_line": 1}}}, "onefinance/audit/_recorder.py": {"executed_lines": [9, 11, 12, 14, 15, 17, 20, 23, 24, 26, 27, 28, 30, 37, 46, 56, 66, 76, 86, 96, 107, 120, 136, 150, 151], "summary": {"covered_lines": 25, "num_statements": 29, "percent_covered": 86.20689655172414, "percent_covered_display": "86", "missing_lines": 4, "excluded_lines": 0, "percent_statements_covered": 86.20689655172414, "percent_statements_covered_display": "86"}, "missing_lines": [152, 153, 168, 170], "excluded_lines": [], "functions": {"AuditRecorder.__init__": {"executed_lines": [24], "summary": {"covered_lines": 1, "num_statements": 1, "percent_covered": 100.0, "percent_covered_display": "100", "missing_lines": 0, "excluded_lines": 0, "percent_statements_covered": 100.0, "percent_statements_covered_display": "100"}, "missing_lines": [], "excluded_lines": [], "start_line": 23}, "AuditRecorder.enabled": {"executed_lines": [28], "summary": {"covered_lines": 1, "num_statements": 1, "percent_covered": 100.0, "percent_covered_display": "100", "missing_lines": 0, "excluded_lines": 0, "percent_statements_covered": 100.0, "percent_statements_covered_display": "100"}, "missing_lines": [], "excluded_lines": [], "start_line": 27}, "AuditRecorder.record_cache_hit": {"executed_lines": [37], "summary": {"covered_lines": 1, "num_statements": 1, "percent_covered": 100.0, "percent_covered_display": "100", "missing_lines": 0, "excluded_lines": 0, "percent_statements_covered": 100.0, "percent_statements_covered_display": "100"}, "missing_lines": [], "excluded_lines": [], "start_line": 30}, "AuditRecorder.record_success": {"executed_lines": [56], "summary": {"covered_lines": 1, "num_statements": 1, "percent_covered": 100.0, "percent_covered_display": "100", "missing_lines": 0, "excluded_lines": 0, "percent_statements_covered": 100.0, "percent_statements_covered_display": "100"}, "missing_lines": [], "excluded_lines": [], "start_line": 46}, "AuditRecorder.record_not_supported": {"executed_lines": [76], "summary": {"covered_lines": 1, "num_statements": 1, "percent_covered": 100.0, "percent_covered_display": "100", "missing_lines": 0, "excluded_lines": 0, "percent_statements_covered": 100.0, "percent_statements_covered_display": "100"}, "missing_lines": [], "excluded_lines": [], "start_line": 66}, "AuditRecorder.record_skipped": {"executed_lines": [96], "summary": {"covered_lines": 1, "num_statements": 1, "percent_covered": 100.0, "percent_covered_display": "100", "missing_lines": 0, "excluded_lines": 0, "percent_statements_covered": 100.0, "percent_statements_covered_display": "100"}, "missing_lines": [], "excluded_lines": [], "start_line": 86}, "AuditRecorder.record_failure": {"executed_lines": [120], "summary": {"covered_lines": 1, "num_statements": 1, "percent_covered": 100.0, "percent_covered_display": "100", "missing_lines": 0, "excluded_lines": 0, "percent_statements_covered": 100.0, "percent_statements_covered_display": "100"}, "missing_lines": [], "excluded_lines": [], "start_line": 107}, "AuditRecorder._record": {"executed_lines": [150, 151], "summary": {"covered_lines": 2, "num_statements": 6, "percent_covered": 33.333333333333336, "percent_covered_display": "33", "missing_lines": 4, "excluded_lines": 0, "percent_statements_covered": 33.333333333333336, "percent_statements_covered_display": "33"}, "missing_lines": [152, 153, 168, 170], "excluded_lines": [], "start_line": 136}, "": {"executed_lines": [9, 11, 12, 14, 15, 17, 20, 23, 26, 27, 30, 46, 66, 86, 107, 136], "summary": {"covered_lines": 16, "num_statements": 16, "percent_covered": 100.0, "percent_covered_display": "100", "missing_lines": 0, "excluded_lines": 0, "percent_statements_covered": 100.0, "percent_statements_covered_display": "100"}, "missing_lines": [], "excluded_lines": [], "start_line": 1}}, "classes": {"AuditRecorder": {"executed_lines": [24, 28, 37, 56, 76, 96, 120, 150, 151], "summary": {"covered_lines": 9, "num_statements": 13, "percent_covered": 69.23076923076923, "percent_covered_display": "69", "missing_lines": 4, "excluded_lines": 0, "percent_statements_covered": 69.23076923076923, "percent_statements_covered_display": "69"}, "missing_lines": [152, 153, 168, 170], "excluded_lines": [], "start_line": 20}, "": {"executed_lines": [9, 11, 12, 14, 15, 17, 20, 23, 26, 27, 30, 46, 66, 86, 107, 136], "summary": {"covered_lines": 16, "num_statements": 16, "percent_covered": 100.0, "percent_covered_display": "100", "missing_lines": 0, "excluded_lines": 0, "percent_statements_covered": 100.0, "percent_statements_covered_display": "100"}, "missing_lines": [], "excluded_lines": [], "start_line": 1}}}, "onefinance/audit/log.py": {"executed_lines": [12, 14, 15, 16, 17, 18, 19, 21, 22, 24, 26, 27, 30, 47, 53, 54, 55, 57, 58, 60, 61, 62, 63, 64, 67, 80, 85, 86, 88, 89, 90, 91, 99, 114, 115, 117, 118, 119, 120, 125, 126, 127, 128, 129, 130, 131, 133, 134, 135, 136, 137, 138, 140, 143, 144, 150, 162, 163, 165, 168, 170, 171, 172, 173, 174, 175, 177, 178, 179, 183, 184, 185, 187, 188, 190, 191, 192, 195, 198, 199, 200, 202, 203, 204, 205, 206, 208, 209, 211, 215, 231, 237, 240, 241, 242, 244, 245, 246, 247, 248, 249, 250, 254, 256, 257, 258, 259, 261, 263, 265, 266, 268, 270, 272, 273, 275, 277, 278, 286, 288, 290, 291, 299, 301, 303, 304, 309, 311], "summary": {"covered_lines": 128, "num_statements": 149, "percent_covered": 85.90604026845638, "percent_covered_display": "86", "missing_lines": 21, "excluded_lines": 0, "percent_statements_covered": 85.90604026845638, "percent_statements_covered_display": "86"}, "missing_lines": [68, 69, 70, 92, 93, 121, 122, 132, 166, 180, 181, 196, 238, 251, 252, 253, 280, 289, 302, 305, 306], "excluded_lines": [], "functions": {"AuditLog.__init__": {"executed_lines": [53, 54, 55, 57, 58, 60, 61, 62, 63, 64, 67], "summary": {"covered_lines": 11, "num_statements": 14, "percent_covered": 78.57142857142857, "percent_covered_display": "79", "missing_lines": 3, "excluded_lines": 0, "percent_statements_covered": 78.57142857142857, "percent_statements_covered_display": "79"}, "missing_lines": [68, 69, 70], "excluded_lines": [], "start_line": 47}, "AuditLog.record": {"executed_lines": [85, 86, 88, 89, 90, 91], "summary": {"covered_lines": 6, "num_statements": 8, "percent_covered": 75.0, "percent_covered_display": "75", "missing_lines": 2, "excluded_lines": 0, "percent_statements_covered": 75.0, "percent_statements_covered_display": "75"}, "missing_lines": [92, 93], "excluded_lines": [], "start_line": 80}, "AuditLog.query": {"executed_lines": [114, 115, 117, 118, 119, 120, 125, 126, 127, 128, 129, 130, 131, 133, 134, 135, 136, 137, 138, 140, 143, 144], "summary": {"covered_lines": 22, "num_statements": 25, "percent_covered": 88.0, "percent_covered_display": "88", "missing_lines": 3, "excluded_lines": 0, "percent_statements_covered": 88.0, "percent_statements_covered_display": "88"}, "missing_lines": [121, 122, 132], "excluded_lines": [], "start_line": 99}, "AuditLog.stats": {"executed_lines": [162, 163, 165, 168, 170, 171, 172, 173, 174, 175, 177, 178, 179, 183, 184, 185, 187, 188, 190, 191, 192, 195, 198, 199, 200, 202, 203, 204, 205, 206, 208, 209, 211, 215], "summary": {"covered_lines": 34, "num_statements": 38, "percent_covered": 89.47368421052632, "percent_covered_display": "89", "missing_lines": 4, "excluded_lines": 0, "percent_statements_covered": 89.47368421052632, "percent_statements_covered_display": "89"}, "missing_lines": [166, 180, 181, 196], "excluded_lines": [], "start_line": 150}, "AuditLog._prune": {"executed_lines": [237, 240, 241, 242, 244, 245, 246, 247, 248, 249, 250, 254, 256, 257, 258, 259, 261], "summary": {"covered_lines": 17, "num_statements": 21, "percent_covered": 80.95238095238095, "percent_covered_display": "81", "missing_lines": 4, "excluded_lines": 0, "percent_statements_covered": 80.95238095238095, "percent_statements_covered_display": "81"}, "missing_lines": [238, 251, 252, 253], "excluded_lines": [], "start_line": 231}, "AuditLog.clear": {"executed_lines": [265, 266], "summary": {"covered_lines": 2, "num_statements": 2, "percent_covered": 100.0, "percent_covered_display": "100", "missing_lines": 0, "excluded_lines": 0, "percent_statements_covered": 100.0, "percent_statements_covered_display": "100"}, "missing_lines": [], "excluded_lines": [], "start_line": 263}, "AuditLog.close": {"executed_lines": [270], "summary": {"covered_lines": 1, "num_statements": 1, "percent_covered": 100.0, "percent_covered_display": "100", "missing_lines": 0, "excluded_lines": 0, "percent_statements_covered": 100.0, "percent_statements_covered_display": "100"}, "missing_lines": [], "excluded_lines": [], "start_line": 268}, "AuditLog.enabled": {"executed_lines": [275], "summary": {"covered_lines": 1, "num_statements": 1, "percent_covered": 100.0, "percent_covered_display": "100", "missing_lines": 0, "excluded_lines": 0, "percent_statements_covered": 100.0, "percent_statements_covered_display": "100"}, "missing_lines": [], "excluded_lines": [], "start_line": 273}, "AuditLog.path": {"executed_lines": [], "summary": {"covered_lines": 0, "num_statements": 1, "percent_covered": 0.0, "percent_covered_display": "0", "missing_lines": 1, "excluded_lines": 0, "percent_statements_covered": 0.0, "percent_statements_covered_display": "0"}, "missing_lines": [280], "excluded_lines": [], "start_line": 278}, "AuditLog._read_lines": {"executed_lines": [288, 290, 291], "summary": {"covered_lines": 3, "num_statements": 4, "percent_covered": 75.0, "percent_covered_display": "75", "missing_lines": 1, "excluded_lines": 0, "percent_statements_covered": 75.0, "percent_statements_covered_display": "75"}, "missing_lines": [289], "excluded_lines": [], "start_line": 286}, "_parse_ts": {"executed_lines": [301, 303, 304], "summary": {"covered_lines": 3, "num_statements": 6, "percent_covered": 50.0, "percent_covered_display": "50", "missing_lines": 3, "excluded_lines": 0, "percent_statements_covered": 50.0, "percent_statements_covered_display": "50"}, "missing_lines": [302, 305, 306], "excluded_lines": [], "start_line": 299}, "_dict_to_entry": {"executed_lines": [311], "summary": {"covered_lines": 1, "num_statements": 1, "percent_covered": 100.0, "percent_covered_display": "100", "missing_lines": 0, "excluded_lines": 0, "percent_statements_covered": 100.0, "percent_statements_covered_display": "100"}, "missing_lines": [], "excluded_lines": [], "start_line": 309}, "": {"executed_lines": [12, 14, 15, 16, 17, 18, 19, 21, 22, 24, 26, 27, 30, 47, 80, 99, 150, 231, 263, 268, 272, 273, 277, 278, 286, 299, 309], "summary": {"covered_lines": 27, "num_statements": 27, "percent_covered": 100.0, "percent_covered_display": "100", "missing_lines": 0, "excluded_lines": 0, "percent_statements_covered": 100.0, "percent_statements_covered_display": "100"}, "missing_lines": [], "excluded_lines": [], "start_line": 1}}, "classes": {"AuditLog": {"executed_lines": [53, 54, 55, 57, 58, 60, 61, 62, 63, 64, 67, 85, 86, 88, 89, 90, 91, 114, 115, 117, 118, 119, 120, 125, 126, 127, 128, 129, 130, 131, 133, 134, 135, 136, 137, 138, 140, 143, 144, 162, 163, 165, 168, 170, 171, 172, 173, 174, 175, 177, 178, 179, 183, 184, 185, 187, 188, 190, 191, 192, 195, 198, 199, 200, 202, 203, 204, 205, 206, 208, 209, 211, 215, 237, 240, 241, 242, 244, 245, 246, 247, 248, 249, 250, 254, 256, 257, 258, 259, 261, 265, 266, 270, 275, 288, 290, 291], "summary": {"covered_lines": 97, "num_statements": 115, "percent_covered": 84.34782608695652, "percent_covered_display": "84", "missing_lines": 18, "excluded_lines": 0, "percent_statements_covered": 84.34782608695652, "percent_statements_covered_display": "84"}, "missing_lines": [68, 69, 70, 92, 93, 121, 122, 132, 166, 180, 181, 196, 238, 251, 252, 253, 280, 289], "excluded_lines": [], "start_line": 30}, "": {"executed_lines": [12, 14, 15, 16, 17, 18, 19, 21, 22, 24, 26, 27, 30, 47, 80, 99, 150, 231, 263, 268, 272, 273, 277, 278, 286, 299, 301, 303, 304, 309, 311], "summary": {"covered_lines": 31, "num_statements": 34, "percent_covered": 91.17647058823529, "percent_covered_display": "91", "missing_lines": 3, "excluded_lines": 0, "percent_statements_covered": 91.17647058823529, "percent_statements_covered_display": "91"}, "missing_lines": [302, 305, 306], "excluded_lines": [], "start_line": 1}}}, "onefinance/audit/models.py": {"executed_lines": [7, 9, 10, 11, 14, 15, 50, 51, 52, 53, 54, 55, 56, 57, 58, 59, 60, 61, 62, 64, 66, 83, 84, 109, 110, 111, 112, 113, 114, 115, 116, 117], "summary": {"covered_lines": 32, "num_statements": 32, "percent_covered": 100.0, "percent_covered_display": "100", "missing_lines": 0, "excluded_lines": 0, "percent_statements_covered": 100.0, "percent_statements_covered_display": "100"}, "missing_lines": [], "excluded_lines": [], "functions": {"AuditEntry.to_dict": {"executed_lines": [66], "summary": {"covered_lines": 1, "num_statements": 1, "percent_covered": 100.0, "percent_covered_display": "100", "missing_lines": 0, "excluded_lines": 0, "percent_statements_covered": 100.0, "percent_statements_covered_display": "100"}, "missing_lines": [], "excluded_lines": [], "start_line": 64}, "": {"executed_lines": [7, 9, 10, 11, 14, 15, 50, 51, 52, 53, 54, 55, 56, 57, 58, 59, 60, 61, 62, 64, 83, 84, 109, 110, 111, 112, 113, 114, 115, 116, 117], "summary": {"covered_lines": 31, "num_statements": 31, "percent_covered": 100.0, "percent_covered_display": "100", "missing_lines": 0, "excluded_lines": 0, "percent_statements_covered": 100.0, "percent_statements_covered_display": "100"}, "missing_lines": [], "excluded_lines": [], "start_line": 1}}, "classes": {"AuditEntry": {"executed_lines": [66], "summary": {"covered_lines": 1, "num_statements": 1, "percent_covered": 100.0, "percent_covered_display": "100", "missing_lines": 0, "excluded_lines": 0, "percent_statements_covered": 100.0, "percent_statements_covered_display": "100"}, "missing_lines": [], "excluded_lines": [], "start_line": 15}, "AuditStats": {"executed_lines": [], "summary": {"covered_lines": 0, "num_statements": 0, "percent_covered": 100.0, "percent_covered_display": "100", "missing_lines": 0, "excluded_lines": 0, "percent_statements_covered": 100.0, "percent_statements_covered_display": "100"}, "missing_lines": [], "excluded_lines": [], "start_line": 84}, "": {"executed_lines": [7, 9, 10, 11, 14, 15, 50, 51, 52, 53, 54, 55, 56, 57, 58, 59, 60, 61, 62, 64, 83, 84, 109, 110, 111, 112, 113, 114, 115, 116, 117], "summary": {"covered_lines": 31, "num_statements": 31, "percent_covered": 100.0, "percent_covered_display": "100", "missing_lines": 0, "excluded_lines": 0, "percent_statements_covered": 100.0, "percent_statements_covered_display": "100"}, "missing_lines": [], "excluded_lines": [], "start_line": 1}}}, "onefinance/cache/__init__.py": {"executed_lines": [3, 4, 6], "summary": {"covered_lines": 3, "num_statements": 3, "percent_covered": 100.0, "percent_covered_display": "100", "missing_lines": 0, "excluded_lines": 0, "percent_statements_covered": 100.0, "percent_statements_covered_display": "100"}, "missing_lines": [], "excluded_lines": [], "functions": {"": {"executed_lines": [3, 4, 6], "summary": {"covered_lines": 3, "num_statements": 3, "percent_covered": 100.0, "percent_covered_display": "100", "missing_lines": 0, "excluded_lines": 0, "percent_statements_covered": 100.0, "percent_statements_covered_display": "100"}, "missing_lines": [], "excluded_lines": [], "start_line": 1}}, "classes": {"": {"executed_lines": [3, 4, 6], "summary": {"covered_lines": 3, "num_statements": 3, "percent_covered": 100.0, "percent_covered_display": "100", "missing_lines": 0, "excluded_lines": 0, "percent_statements_covered": 100.0, "percent_statements_covered_display": "100"}, "missing_lines": [], "excluded_lines": [], "start_line": 1}}}, "onefinance/cache/keys.py": {"executed_lines": [15, 17, 18, 19, 22, 42, 43, 44, 45, 48, 53, 55, 56, 57, 58, 60, 61, 62, 63], "summary": {"covered_lines": 19, "num_statements": 20, "percent_covered": 95.0, "percent_covered_display": "95", "missing_lines": 1, "excluded_lines": 0, "percent_statements_covered": 95.0, "percent_statements_covered_display": "95"}, "missing_lines": [54], "excluded_lines": [], "functions": {"make_key": {"executed_lines": [42, 43, 44, 45], "summary": {"covered_lines": 4, "num_statements": 4, "percent_covered": 100.0, "percent_covered_display": "100", "missing_lines": 0, "excluded_lines": 0, "percent_statements_covered": 100.0, "percent_statements_covered_display": "100"}, "missing_lines": [], "excluded_lines": [], "start_line": 22}, "_normalise_value": {"executed_lines": [53, 55, 56, 57, 58, 60, 61, 62, 63], "summary": {"covered_lines": 9, "num_statements": 10, "percent_covered": 90.0, "percent_covered_display": "90", "missing_lines": 1, "excluded_lines": 0, "percent_statements_covered": 90.0, "percent_statements_covered_display": "90"}, "missing_lines": [54], "excluded_lines": [], "start_line": 48}, "": {"executed_lines": [15, 17, 18, 19, 22, 48], "summary": {"covered_lines": 6, "num_statements": 6, "percent_covered": 100.0, "percent_covered_display": "100", "missing_lines": 0, "excluded_lines": 0, "percent_statements_covered": 100.0, "percent_statements_covered_display": "100"}, "missing_lines": [], "excluded_lines": [], "start_line": 1}}, "classes": {"": {"executed_lines": [15, 17, 18, 19, 22, 42, 43, 44, 45, 48, 53, 55, 56, 57, 58, 60, 61, 62, 63], "summary": {"covered_lines": 19, "num_statements": 20, "percent_covered": 95.0, "percent_covered_display": "95", "missing_lines": 1, "excluded_lines": 0, "percent_statements_covered": 95.0, "percent_statements_covered_display": "95"}, "missing_lines": [54], "excluded_lines": [], "start_line": 1}}}, "onefinance/cache/manager.py": {"executed_lines": [10, 12, 13, 14, 15, 16, 18, 20, 21, 22, 23, 25, 27, 34, 36, 37, 38, 39, 40, 41, 42, 45, 51, 52, 53, 54, 55, 56, 57, 58, 59, 62, 63, 64, 67, 68, 71, 72, 75, 82, 83, 84, 94, 95, 98, 99, 101, 104, 113, 114, 115, 116, 117, 118, 121, 141, 147, 165, 167, 168, 169, 172, 184, 189, 190, 196, 198, 204, 210, 211, 212, 214, 215, 220, 222, 242, 243, 249, 255, 256, 258, 260, 266, 275, 276, 277, 278, 279, 280, 281, 284, 297, 299, 307, 317, 318, 319, 320, 321, 327, 328, 335, 339, 340, 341, 343, 344, 346, 347, 348, 349, 351, 352, 353], "summary": {"covered_lines": 114, "num_statements": 127, "percent_covered": 89.76377952755905, "percent_covered_display": "90", "missing_lines": 13, "excluded_lines": 0, "percent_statements_covered": 89.76377952755905, "percent_statements_covered_display": "90"}, "missing_lines": [85, 86, 88, 89, 90, 91, 92, 166, 216, 217, 218, 282, 283], "excluded_lines": [], "functions": {"_all_finance_models": {"executed_lines": [36, 37, 38, 39, 40, 41, 42], "summary": {"covered_lines": 7, "num_statements": 7, "percent_covered": 100.0, "percent_covered_display": "100", "missing_lines": 0, "excluded_lines": 0, "percent_statements_covered": 100.0, "percent_statements_covered_display": "100"}, "missing_lines": [], "excluded_lines": [], "start_line": 34}, "is_market_open_now": {"executed_lines": [82, 83, 84, 94, 95, 98, 99, 101], "summary": {"covered_lines": 8, "num_statements": 15, "percent_covered": 53.333333333333336, "percent_covered_display": "53", "missing_lines": 7, "excluded_lines": 0, "percent_statements_covered": 53.333333333333336, "percent_statements_covered_display": "53"}, "missing_lines": [85, 86, 88, 89, 90, 91, 92], "excluded_lines": [], "start_line": 75}, "ttl_for_price_history": {"executed_lines": [113, 114, 115, 116, 117, 118], "summary": {"covered_lines": 6, "num_statements": 6, "percent_covered": 100.0, "percent_covered_display": "100", "missing_lines": 0, "excluded_lines": 0, "percent_statements_covered": 100.0, "percent_statements_covered_display": "100"}, "missing_lines": [], "excluded_lines": [], "start_line": 104}, "default_ttl": {"executed_lines": [165, 167, 168, 169], "summary": {"covered_lines": 4, "num_statements": 5, "percent_covered": 80.0, "percent_covered_display": "80", "missing_lines": 1, "excluded_lines": 0, "percent_statements_covered": 80.0, "percent_statements_covered_display": "80"}, "missing_lines": [166], "excluded_lines": [], "start_line": 147}, "CacheManager.__init__": {"executed_lines": [189, 190], "summary": {"covered_lines": 2, "num_statements": 2, "percent_covered": 100.0, "percent_covered_display": "100", "missing_lines": 0, "excluded_lines": 0, "percent_statements_covered": 100.0, "percent_statements_covered_display": "100"}, "missing_lines": [], "excluded_lines": [], "start_line": 184}, "CacheManager.close": {"executed_lines": [198], "summary": {"covered_lines": 1, "num_statements": 1, "percent_covered": 100.0, "percent_covered_display": "100", "missing_lines": 0, "excluded_lines": 0, "percent_statements_covered": 100.0, "percent_statements_covered_display": "100"}, "missing_lines": [], "excluded_lines": [], "start_line": 196}, "CacheManager.get": {"executed_lines": [210, 211, 212, 214, 215, 220], "summary": {"covered_lines": 6, "num_statements": 9, "percent_covered": 66.66666666666667, "percent_covered_display": "67", "missing_lines": 3, "excluded_lines": 0, "percent_statements_covered": 66.66666666666667, "percent_statements_covered_display": "67"}, "missing_lines": [216, 217, 218], "excluded_lines": [], "start_line": 204}, "CacheManager.set": {"executed_lines": [242, 243], "summary": {"covered_lines": 2, "num_statements": 2, "percent_covered": 100.0, "percent_covered_display": "100", "missing_lines": 0, "excluded_lines": 0, "percent_statements_covered": 100.0, "percent_statements_covered_display": "100"}, "missing_lines": [], "excluded_lines": [], "start_line": 222}, "CacheManager.invalidate_by_type": {"executed_lines": [255, 256], "summary": {"covered_lines": 2, "num_statements": 2, "percent_covered": 100.0, "percent_covered_display": "100", "missing_lines": 0, "excluded_lines": 0, "percent_statements_covered": 100.0, "percent_statements_covered_display": "100"}, "missing_lines": [], "excluded_lines": [], "start_line": 249}, "CacheManager.clear": {"executed_lines": [260], "summary": {"covered_lines": 1, "num_statements": 1, "percent_covered": 100.0, "percent_covered_display": "100", "missing_lines": 0, "excluded_lines": 0, "percent_statements_covered": 100.0, "percent_statements_covered_display": "100"}, "missing_lines": [], "excluded_lines": [], "start_line": 258}, "CacheManager.stats": {"executed_lines": [275, 276, 277, 278, 279, 280, 281, 284], "summary": {"covered_lines": 8, "num_statements": 10, "percent_covered": 80.0, "percent_covered_display": "80", "missing_lines": 2, "excluded_lines": 0, "percent_statements_covered": 80.0, "percent_statements_covered_display": "80"}, "missing_lines": [282, 283], "excluded_lines": [], "start_line": 266}, "CacheManager.make_key": {"executed_lines": [299], "summary": {"covered_lines": 1, "num_statements": 1, "percent_covered": 100.0, "percent_covered_display": "100", "missing_lines": 0, "excluded_lines": 0, "percent_statements_covered": 100.0, "percent_statements_covered_display": "100"}, "missing_lines": [], "excluded_lines": [], "start_line": 297}, "_serialise_envelope": {"executed_lines": [317, 318, 319, 320, 321, 327, 328], "summary": {"covered_lines": 7, "num_statements": 7, "percent_covered": 100.0, "percent_covered_display": "100", "missing_lines": 0, "excluded_lines": 0, "percent_statements_covered": 100.0, "percent_statements_covered_display": "100"}, "missing_lines": [], "excluded_lines": [], "start_line": 307}, "_deserialise_envelope": {"executed_lines": [339, 340, 341, 343, 344, 346, 347, 348, 349, 351, 352, 353], "summary": {"covered_lines": 12, "num_statements": 12, "percent_covered": 100.0, "percent_covered_display": "100", "missing_lines": 0, "excluded_lines": 0, "percent_statements_covered": 100.0, "percent_statements_covered_display": "100"}, "missing_lines": [], "excluded_lines": [], "start_line": 335}, "": {"executed_lines": [10, 12, 13, 14, 15, 16, 18, 20, 21, 22, 23, 25, 27, 34, 45, 51, 52, 53, 54, 55, 56, 57, 58, 59, 62, 63, 64, 67, 68, 71, 72, 75, 104, 121, 141, 147, 172, 184, 196, 204, 222, 249, 258, 266, 297, 307, 335], "summary": {"covered_lines": 47, "num_statements": 47, "percent_covered": 100.0, "percent_covered_display": "100", "missing_lines": 0, "excluded_lines": 0, "percent_statements_covered": 100.0, "percent_statements_covered_display": "100"}, "missing_lines": [], "excluded_lines": [], "start_line": 1}}, "classes": {"CacheManager": {"executed_lines": [189, 190, 198, 210, 211, 212, 214, 215, 220, 242, 243, 255, 256, 260, 275, 276, 277, 278, 279, 280, 281, 284, 299], "summary": {"covered_lines": 23, "num_statements": 28, "percent_covered": 82.14285714285714, "percent_covered_display": "82", "missing_lines": 5, "excluded_lines": 0, "percent_statements_covered": 82.14285714285714, "percent_statements_covered_display": "82"}, "missing_lines": [216, 217, 218, 282, 283], "excluded_lines": [], "start_line": 172}, "": {"executed_lines": [10, 12, 13, 14, 15, 16, 18, 20, 21, 22, 23, 25, 27, 34, 36, 37, 38, 39, 40, 41, 42, 45, 51, 52, 53, 54, 55, 56, 57, 58, 59, 62, 63, 64, 67, 68, 71, 72, 75, 82, 83, 84, 94, 95, 98, 99, 101, 104, 113, 114, 115, 116, 117, 118, 121, 141, 147, 165, 167, 168, 169, 172, 184, 196, 204, 222, 249, 258, 266, 297, 307, 317, 318, 319, 320, 321, 327, 328, 335, 339, 340, 341, 343, 344, 346, 347, 348, 349, 351, 352, 353], "summary": {"covered_lines": 91, "num_statements": 99, "percent_covered": 91.91919191919192, "percent_covered_display": "92", "missing_lines": 8, "excluded_lines": 0, "percent_statements_covered": 91.91919191919192, "percent_statements_covered_display": "92"}, "missing_lines": [85, 86, 88, 89, 90, 91, 92, 166], "excluded_lines": [], "start_line": 1}}}, "onefinance/cli/__init__.py": {"executed_lines": [], "summary": {"covered_lines": 0, "num_statements": 0, "percent_covered": 100.0, "percent_covered_display": "100", "missing_lines": 0, "excluded_lines": 0, "percent_statements_covered": 100.0, "percent_statements_covered_display": "100"}, "missing_lines": [], "excluded_lines": [], "functions": {"": {"executed_lines": [], "summary": {"covered_lines": 0, "num_statements": 0, "percent_covered": 100.0, "percent_covered_display": "100", "missing_lines": 0, "excluded_lines": 0, "percent_statements_covered": 100.0, "percent_statements_covered_display": "100"}, "missing_lines": [], "excluded_lines": [], "start_line": 1}}, "classes": {"": {"executed_lines": [], "summary": {"covered_lines": 0, "num_statements": 0, "percent_covered": 100.0, "percent_covered_display": "100", "missing_lines": 0, "excluded_lines": 0, "percent_statements_covered": 100.0, "percent_statements_covered_display": "100"}, "missing_lines": [], "excluded_lines": [], "start_line": 1}}}, "onefinance/cli/__main__.py": {"executed_lines": [], "summary": {"covered_lines": 0, "num_statements": 3, "percent_covered": 0.0, "percent_covered_display": "0", "missing_lines": 3, "excluded_lines": 0, "percent_statements_covered": 0.0, "percent_statements_covered_display": "0"}, "missing_lines": [1, 3, 4], "excluded_lines": [], "functions": {"": {"executed_lines": [], "summary": {"covered_lines": 0, "num_statements": 3, "percent_covered": 0.0, "percent_covered_display": "0", "missing_lines": 3, "excluded_lines": 0, "percent_statements_covered": 0.0, "percent_statements_covered_display": "0"}, "missing_lines": [1, 3, 4], "excluded_lines": [], "start_line": 1}}, "classes": {"": {"executed_lines": [], "summary": {"covered_lines": 0, "num_statements": 3, "percent_covered": 0.0, "percent_covered_display": "0", "missing_lines": 3, "excluded_lines": 0, "percent_statements_covered": 0.0, "percent_statements_covered_display": "0"}, "missing_lines": [1, 3, 4], "excluded_lines": [], "start_line": 1}}}, "onefinance/cli/app.py": {"executed_lines": [7, 9, 10, 11, 13, 15, 23, 24, 33, 44, 46, 52, 60, 61, 62, 63, 65, 66, 67, 68, 76, 80, 85, 86, 87, 95, 96, 97, 98, 99, 100, 101, 104, 105, 106, 109, 113, 116, 117, 118, 119, 120, 121, 122, 124, 125, 126, 129, 130, 133, 135, 136, 153, 154, 181, 182, 184, 185, 186, 187, 189, 190, 192, 193, 194, 195, 197, 198, 199, 207, 208, 209, 218, 219, 220, 228, 229, 252, 253, 254, 256, 257, 258, 260, 261, 262, 267, 268, 277, 278, 279, 286, 287, 290, 291, 316, 317, 323, 329, 330, 331, 333, 334, 335, 336, 338, 339, 340, 347, 348, 349, 359, 360, 383, 384, 385, 387, 388, 389, 391, 392, 393, 398, 418, 419, 442, 444, 445, 446, 448, 449, 450, 451, 453, 454, 455, 461, 462, 463, 473, 474, 499, 500, 501, 503, 504, 505, 506, 508, 509, 510, 517, 518, 519, 529, 530, 553, 554, 555, 557, 558, 559, 560, 562, 563, 564, 570, 571, 572, 582, 583, 648, 649, 651, 652, 654, 655, 659, 660, 662, 663, 664, 665, 667, 668, 669, 677, 684, 689, 698, 699, 700, 710, 711, 739, 740, 767, 768, 795, 796, 864, 865, 894, 895, 928, 929, 955, 956, 988, 1310, 1311, 1313, 1316, 1317, 1319, 1320, 1322, 1325, 1333, 1334, 1338, 1339, 1340, 1341, 1346, 1347, 1351, 1352, 1353, 1354, 1359, 1360, 1411, 1412, 1413, 1419, 1427, 1432, 1433, 1437, 1438, 1439, 1440, 1455, 1456, 1512, 1513, 1559, 1560, 1584, 1585], "summary": {"covered_lines": 251, "num_statements": 447, "percent_covered": 56.15212527964206, "percent_covered_display": "56", "missing_lines": 196, "excluded_lines": 0, "percent_statements_covered": 56.15212527964206, "percent_statements_covered_display": "56"}, "missing_lines": [47, 49, 77, 107, 108, 110, 111, 123, 324, 350, 351, 409, 410, 464, 465, 520, 521, 573, 574, 656, 657, 701, 702, 721, 722, 724, 725, 726, 727, 729, 730, 731, 732, 733, 734, 735, 736, 749, 750, 752, 753, 754, 755, 757, 758, 759, 760, 761, 762, 763, 764, 777, 778, 780, 781, 782, 783, 785, 786, 787, 788, 789, 790, 791, 792, 811, 812, 814, 815, 816, 817, 819, 820, 821, 822, 826, 827, 828, 830, 831, 832, 833, 834, 835, 842, 843, 844, 845, 849, 850, 851, 852, 860, 861, 876, 877, 879, 880, 881, 882, 884, 885, 886, 887, 888, 889, 890, 891, 904, 905, 907, 908, 909, 910, 912, 913, 914, 915, 916, 924, 925, 938, 939, 941, 942, 943, 944, 946, 947, 948, 949, 950, 951, 952, 965, 966, 968, 969, 970, 971, 973, 974, 975, 976, 978, 979, 980, 981, 1323, 1324, 1342, 1343, 1355, 1356, 1428, 1429, 1450, 1451, 1452, 1460, 1462, 1497, 1502, 1503, 1504, 1519, 1521, 1522, 1523, 1524, 1525, 1535, 1537, 1538, 1541, 1542, 1551, 1553, 1554, 1555, 1556, 1569, 1570, 1571, 1577, 1578, 1579, 1580, 1581, 1589, 1590, 1591, 1592, 1593, 1594, 1595], "excluded_lines": [], "functions": {"_banner_callback": {"executed_lines": [46], "summary": {"covered_lines": 1, "num_statements": 3, "percent_covered": 33.333333333333336, "percent_covered_display": "33", "missing_lines": 2, "excluded_lines": 0, "percent_statements_covered": 33.333333333333336, "percent_statements_covered_display": "33"}, "missing_lines": [47, 49], "excluded_lines": [], "start_line": 44}, "_make_client": {"executed_lines": [], "summary": {"covered_lines": 0, "num_statements": 1, "percent_covered": 0.0, "percent_covered_display": "0", "missing_lines": 1, "excluded_lines": 0, "percent_statements_covered": 0.0, "percent_statements_covered_display": "0"}, "missing_lines": [77], "excluded_lines": [], "start_line": 76}, "_resolve_dates": {"executed_lines": [85, 86, 87, 95, 96, 97, 98, 99, 100, 101], "summary": {"covered_lines": 10, "num_statements": 10, "percent_covered": 100.0, "percent_covered_display": "100", "missing_lines": 0, "excluded_lines": 0, "percent_statements_covered": 100.0, "percent_statements_covered_display": "100"}, "missing_lines": [], "excluded_lines": [], "start_line": 80}, "_emit": {"executed_lines": [105, 106, 109, 113], "summary": {"covered_lines": 4, "num_statements": 8, "percent_covered": 50.0, "percent_covered_display": "50", "missing_lines": 4, "excluded_lines": 0, "percent_statements_covered": 50.0, "percent_statements_covered_display": "50"}, "missing_lines": [107, 108, 110, 111], "excluded_lines": [], "start_line": 104}, "_error_exit": {"executed_lines": [117, 118, 119, 120, 121, 122, 124, 125, 126], "summary": {"covered_lines": 9, "num_statements": 10, "percent_covered": 90.0, "percent_covered_display": "90", "missing_lines": 1, "excluded_lines": 0, "percent_statements_covered": 90.0, "percent_statements_covered_display": "90"}, "missing_lines": [123], "excluded_lines": [], "start_line": 116}, "_env_bool": {"executed_lines": [130], "summary": {"covered_lines": 1, "num_statements": 1, "percent_covered": 100.0, "percent_covered_display": "100", "missing_lines": 0, "excluded_lines": 0, "percent_statements_covered": 100.0, "percent_statements_covered_display": "100"}, "missing_lines": [], "excluded_lines": [], "start_line": 129}, "_dry_run_response": {"executed_lines": [135, 136], "summary": {"covered_lines": 2, "num_statements": 2, "percent_covered": 100.0, "percent_covered_display": "100", "missing_lines": 0, "excluded_lines": 0, "percent_statements_covered": 100.0, "percent_statements_covered_display": "100"}, "missing_lines": [], "excluded_lines": [], "start_line": 133}, "price": {"executed_lines": [181, 182, 184, 185, 186, 187, 189, 190, 192, 193, 194, 195, 197, 198, 199, 207, 208, 209, 218, 219, 220], "summary": {"covered_lines": 21, "num_statements": 21, "percent_covered": 100.0, "percent_covered_display": "100", "missing_lines": 0, "excluded_lines": 0, "percent_statements_covered": 100.0, "percent_statements_covered_display": "100"}, "missing_lines": [], "excluded_lines": [], "start_line": 154}, "quote": {"executed_lines": [252, 253, 254, 256, 257, 258, 260, 261, 262, 267, 268, 277, 278, 279], "summary": {"covered_lines": 14, "num_statements": 14, "percent_covered": 100.0, "percent_covered_display": "100", "missing_lines": 0, "excluded_lines": 0, "percent_statements_covered": 100.0, "percent_statements_covered_display": "100"}, "missing_lines": [], "excluded_lines": [], "start_line": 229}, "financials": {"executed_lines": [316, 317, 323, 329, 330, 331, 333, 334, 335, 336, 338, 339, 340, 347, 348, 349], "summary": {"covered_lines": 16, "num_statements": 19, "percent_covered": 84.21052631578948, "percent_covered_display": "84", "missing_lines": 3, "excluded_lines": 0, "percent_statements_covered": 84.21052631578948, "percent_statements_covered_display": "84"}, "missing_lines": [324, 350, 351], "excluded_lines": [], "start_line": 291}, "info": {"executed_lines": [383, 384, 385, 387, 388, 389, 391, 392, 393, 398], "summary": {"covered_lines": 10, "num_statements": 12, "percent_covered": 83.33333333333333, "percent_covered_display": "83", "missing_lines": 2, "excluded_lines": 0, "percent_statements_covered": 83.33333333333333, "percent_statements_covered_display": "83"}, "missing_lines": [409, 410], "excluded_lines": [], "start_line": 360}, "insiders": {"executed_lines": [442, 444, 445, 446, 448, 449, 450, 451, 453, 454, 455, 461, 462, 463], "summary": {"covered_lines": 14, "num_statements": 16, "percent_covered": 87.5, "percent_covered_display": "88", "missing_lines": 2, "excluded_lines": 0, "percent_statements_covered": 87.5, "percent_statements_covered_display": "88"}, "missing_lines": [464, 465], "excluded_lines": [], "start_line": 419}, "ratios": {"executed_lines": [499, 500, 501, 503, 504, 505, 506, 508, 509, 510, 517, 518, 519], "summary": {"covered_lines": 13, "num_statements": 15, "percent_covered": 86.66666666666667, "percent_covered_display": "87", "missing_lines": 2, "excluded_lines": 0, "percent_statements_covered": 86.66666666666667, "percent_statements_covered_display": "87"}, "missing_lines": [520, 521], "excluded_lines": [], "start_line": 474}, "earnings": {"executed_lines": [553, 554, 555, 557, 558, 559, 560, 562, 563, 564, 570, 571, 572], "summary": {"covered_lines": 13, "num_statements": 15, "percent_covered": 86.66666666666667, "percent_covered_display": "87", "missing_lines": 2, "excluded_lines": 0, "percent_statements_covered": 86.66666666666667, "percent_statements_covered_display": "87"}, "missing_lines": [573, 574], "excluded_lines": [], "start_line": 530}, "indicators": {"executed_lines": [648, 649, 651, 652, 654, 655, 659, 660, 662, 663, 664, 665, 667, 668, 669, 677, 684, 689, 698, 699, 700], "summary": {"covered_lines": 21, "num_statements": 25, "percent_covered": 84.0, "percent_covered_display": "84", "missing_lines": 4, "excluded_lines": 0, "percent_statements_covered": 84.0, "percent_statements_covered_display": "84"}, "missing_lines": [656, 657, 701, 702], "excluded_lines": [], "start_line": 583}, "news": {"executed_lines": [], "summary": {"covered_lines": 0, "num_statements": 14, "percent_covered": 0.0, "percent_covered_display": "0", "missing_lines": 14, "excluded_lines": 0, "percent_statements_covered": 0.0, "percent_statements_covered_display": "0"}, "missing_lines": [721, 722, 724, 725, 726, 727, 729, 730, 731, 732, 733, 734, 735, 736], "excluded_lines": [], "start_line": 711}, "actions": {"executed_lines": [], "summary": {"covered_lines": 0, "num_statements": 14, "percent_covered": 0.0, "percent_covered_display": "0", "missing_lines": 14, "excluded_lines": 0, "percent_statements_covered": 0.0, "percent_statements_covered_display": "0"}, "missing_lines": [749, 750, 752, 753, 754, 755, 757, 758, 759, 760, 761, 762, 763, 764], "excluded_lines": [], "start_line": 740}, "holders": {"executed_lines": [], "summary": {"covered_lines": 0, "num_statements": 14, "percent_covered": 0.0, "percent_covered_display": "0", "missing_lines": 14, "excluded_lines": 0, "percent_statements_covered": 0.0, "percent_statements_covered_display": "0"}, "missing_lines": [777, 778, 780, 781, 782, 783, 785, 786, 787, 788, 789, 790, 791, 792], "excluded_lines": [], "start_line": 768}, "options": {"executed_lines": [], "summary": {"covered_lines": 0, "num_statements": 29, "percent_covered": 0.0, "percent_covered_display": "0", "missing_lines": 29, "excluded_lines": 0, "percent_statements_covered": 0.0, "percent_statements_covered_display": "0"}, "missing_lines": [811, 812, 814, 815, 816, 817, 819, 820, 821, 822, 826, 827, 828, 830, 831, 832, 833, 834, 835, 842, 843, 844, 845, 849, 850, 851, 852, 860, 861], "excluded_lines": [], "start_line": 796}, "screen": {"executed_lines": [], "summary": {"covered_lines": 0, "num_statements": 14, "percent_covered": 0.0, "percent_covered_display": "0", "missing_lines": 14, "excluded_lines": 0, "percent_statements_covered": 0.0, "percent_statements_covered_display": "0"}, "missing_lines": [876, 877, 879, 880, 881, 882, 884, 885, 886, 887, 888, 889, 890, 891], "excluded_lines": [], "start_line": 865}, "sector": {"executed_lines": [], "summary": {"covered_lines": 0, "num_statements": 13, "percent_covered": 0.0, "percent_covered_display": "0", "missing_lines": 13, "excluded_lines": 0, "percent_statements_covered": 0.0, "percent_statements_covered_display": "0"}, "missing_lines": [904, 905, 907, 908, 909, 910, 912, 913, 914, 915, 916, 924, 925], "excluded_lines": [], "start_line": 895}, "analyst": {"executed_lines": [], "summary": {"covered_lines": 0, "num_statements": 13, "percent_covered": 0.0, "percent_covered_display": "0", "missing_lines": 13, "excluded_lines": 0, "percent_statements_covered": 0.0, "percent_statements_covered_display": "0"}, "missing_lines": [938, 939, 941, 942, 943, 944, 946, 947, 948, 949, 950, 951, 952], "excluded_lines": [], "start_line": 929}, "estimates": {"executed_lines": [], "summary": {"covered_lines": 0, "num_statements": 14, "percent_covered": 0.0, "percent_covered_display": "0", "missing_lines": 14, "excluded_lines": 0, "percent_statements_covered": 0.0, "percent_statements_covered_display": "0"}, "missing_lines": [965, 966, 968, 969, 970, 971, 973, 974, 975, 976, 978, 979, 980, 981], "excluded_lines": [], "start_line": 956}, "capabilities": {"executed_lines": [1313], "summary": {"covered_lines": 1, "num_statements": 1, "percent_covered": 100.0, "percent_covered_display": "100", "missing_lines": 0, "excluded_lines": 0, "percent_statements_covered": 100.0, "percent_statements_covered_display": "100"}, "missing_lines": [], "excluded_lines": [], "start_line": 1311}, "version": {"executed_lines": [1319, 1320, 1322, 1325], "summary": {"covered_lines": 4, "num_statements": 6, "percent_covered": 66.66666666666667, "percent_covered_display": "67", "missing_lines": 2, "excluded_lines": 0, "percent_statements_covered": 66.66666666666667, "percent_statements_covered_display": "67"}, "missing_lines": [1323, 1324], "excluded_lines": [], "start_line": 1317}, "cache_stats": {"executed_lines": [1338, 1339, 1340, 1341], "summary": {"covered_lines": 4, "num_statements": 6, "percent_covered": 66.66666666666667, "percent_covered_display": "67", "missing_lines": 2, "excluded_lines": 0, "percent_statements_covered": 66.66666666666667, "percent_statements_covered_display": "67"}, "missing_lines": [1342, 1343], "excluded_lines": [], "start_line": 1334}, "providers_status": {"executed_lines": [1351, 1352, 1353, 1354], "summary": {"covered_lines": 4, "num_statements": 6, "percent_covered": 66.66666666666667, "percent_covered_display": "67", "missing_lines": 2, "excluded_lines": 0, "percent_statements_covered": 66.66666666666667, "percent_statements_covered_display": "67"}, "missing_lines": [1355, 1356], "excluded_lines": [], "start_line": 1347}, "providers_check": {"executed_lines": [1411, 1412, 1413, 1419, 1427], "summary": {"covered_lines": 5, "num_statements": 7, "percent_covered": 71.42857142857143, "percent_covered_display": "71", "missing_lines": 2, "excluded_lines": 0, "percent_statements_covered": 71.42857142857143, "percent_statements_covered_display": "71"}, "missing_lines": [1428, 1429], "excluded_lines": [], "start_line": 1360}, "config_show": {"executed_lines": [1437, 1438, 1439, 1440], "summary": {"covered_lines": 4, "num_statements": 7, "percent_covered": 57.142857142857146, "percent_covered_display": "57", "missing_lines": 3, "excluded_lines": 0, "percent_statements_covered": 57.142857142857146, "percent_statements_covered_display": "57"}, "missing_lines": [1450, 1451, 1452], "excluded_lines": [], "start_line": 1433}, "config_init": {"executed_lines": [], "summary": {"covered_lines": 0, "num_statements": 6, "percent_covered": 0.0, "percent_covered_display": "0", "missing_lines": 6, "excluded_lines": 0, "percent_statements_covered": 0.0, "percent_statements_covered_display": "0"}, "missing_lines": [1460, 1462, 1497, 1502, 1503, 1504], "excluded_lines": [], "start_line": 1456}, "audit_stats": {"executed_lines": [], "summary": {"covered_lines": 0, "num_statements": 16, "percent_covered": 0.0, "percent_covered_display": "0", "missing_lines": 16, "excluded_lines": 0, "percent_statements_covered": 0.0, "percent_statements_covered_display": "0"}, "missing_lines": [1519, 1521, 1522, 1523, 1524, 1525, 1535, 1537, 1538, 1541, 1542, 1551, 1553, 1554, 1555, 1556], "excluded_lines": [], "start_line": 1513}, "audit_recent": {"executed_lines": [], "summary": {"covered_lines": 0, "num_statements": 8, "percent_covered": 0.0, "percent_covered_display": "0", "missing_lines": 8, "excluded_lines": 0, "percent_statements_covered": 0.0, "percent_statements_covered_display": "0"}, "missing_lines": [1569, 1570, 1571, 1577, 1578, 1579, 1580, 1581], "excluded_lines": [], "start_line": 1560}, "audit_path": {"executed_lines": [], "summary": {"covered_lines": 0, "num_statements": 7, "percent_covered": 0.0, "percent_covered_display": "0", "missing_lines": 7, "excluded_lines": 0, "percent_statements_covered": 0.0, "percent_statements_covered_display": "0"}, "missing_lines": [1589, 1590, 1591, 1592, 1593, 1594, 1595], "excluded_lines": [], "start_line": 1585}, "": {"executed_lines": [7, 9, 10, 11, 13, 15, 23, 24, 33, 44, 52, 60, 61, 62, 63, 65, 66, 67, 68, 76, 80, 104, 116, 129, 133, 153, 154, 228, 229, 286, 287, 290, 291, 359, 360, 418, 419, 473, 474, 529, 530, 582, 583, 710, 711, 739, 740, 767, 768, 795, 796, 864, 865, 894, 895, 928, 929, 955, 956, 988, 1310, 1311, 1316, 1317, 1333, 1334, 1346, 1347, 1359, 1360, 1432, 1433, 1455, 1456, 1512, 1513, 1559, 1560, 1584, 1585], "summary": {"covered_lines": 80, "num_statements": 80, "percent_covered": 100.0, "percent_covered_display": "100", "missing_lines": 0, "excluded_lines": 0, "percent_statements_covered": 100.0, "percent_statements_covered_display": "100"}, "missing_lines": [], "excluded_lines": [], "start_line": 1}}, "classes": {"": {"executed_lines": [7, 9, 10, 11, 13, 15, 23, 24, 33, 44, 46, 52, 60, 61, 62, 63, 65, 66, 67, 68, 76, 80, 85, 86, 87, 95, 96, 97, 98, 99, 100, 101, 104, 105, 106, 109, 113, 116, 117, 118, 119, 120, 121, 122, 124, 125, 126, 129, 130, 133, 135, 136, 153, 154, 181, 182, 184, 185, 186, 187, 189, 190, 192, 193, 194, 195, 197, 198, 199, 207, 208, 209, 218, 219, 220, 228, 229, 252, 253, 254, 256, 257, 258, 260, 261, 262, 267, 268, 277, 278, 279, 286, 287, 290, 291, 316, 317, 323, 329, 330, 331, 333, 334, 335, 336, 338, 339, 340, 347, 348, 349, 359, 360, 383, 384, 385, 387, 388, 389, 391, 392, 393, 398, 418, 419, 442, 444, 445, 446, 448, 449, 450, 451, 453, 454, 455, 461, 462, 463, 473, 474, 499, 500, 501, 503, 504, 505, 506, 508, 509, 510, 517, 518, 519, 529, 530, 553, 554, 555, 557, 558, 559, 560, 562, 563, 564, 570, 571, 572, 582, 583, 648, 649, 651, 652, 654, 655, 659, 660, 662, 663, 664, 665, 667, 668, 669, 677, 684, 689, 698, 699, 700, 710, 711, 739, 740, 767, 768, 795, 796, 864, 865, 894, 895, 928, 929, 955, 956, 988, 1310, 1311, 1313, 1316, 1317, 1319, 1320, 1322, 1325, 1333, 1334, 1338, 1339, 1340, 1341, 1346, 1347, 1351, 1352, 1353, 1354, 1359, 1360, 1411, 1412, 1413, 1419, 1427, 1432, 1433, 1437, 1438, 1439, 1440, 1455, 1456, 1512, 1513, 1559, 1560, 1584, 1585], "summary": {"covered_lines": 251, "num_statements": 447, "percent_covered": 56.15212527964206, "percent_covered_display": "56", "missing_lines": 196, "excluded_lines": 0, "percent_statements_covered": 56.15212527964206, "percent_statements_covered_display": "56"}, "missing_lines": [47, 49, 77, 107, 108, 110, 111, 123, 324, 350, 351, 409, 410, 464, 465, 520, 521, 573, 574, 656, 657, 701, 702, 721, 722, 724, 725, 726, 727, 729, 730, 731, 732, 733, 734, 735, 736, 749, 750, 752, 753, 754, 755, 757, 758, 759, 760, 761, 762, 763, 764, 777, 778, 780, 781, 782, 783, 785, 786, 787, 788, 789, 790, 791, 792, 811, 812, 814, 815, 816, 817, 819, 820, 821, 822, 826, 827, 828, 830, 831, 832, 833, 834, 835, 842, 843, 844, 845, 849, 850, 851, 852, 860, 861, 876, 877, 879, 880, 881, 882, 884, 885, 886, 887, 888, 889, 890, 891, 904, 905, 907, 908, 909, 910, 912, 913, 914, 915, 916, 924, 925, 938, 939, 941, 942, 943, 944, 946, 947, 948, 949, 950, 951, 952, 965, 966, 968, 969, 970, 971, 973, 974, 975, 976, 978, 979, 980, 981, 1323, 1324, 1342, 1343, 1355, 1356, 1428, 1429, 1450, 1451, 1452, 1460, 1462, 1497, 1502, 1503, 1504, 1519, 1521, 1522, 1523, 1524, 1525, 1535, 1537, 1538, 1541, 1542, 1551, 1553, 1554, 1555, 1556, 1569, 1570, 1571, 1577, 1578, 1579, 1580, 1581, 1589, 1590, 1591, 1592, 1593, 1594, 1595], "excluded_lines": [], "start_line": 1}}}, "onefinance/cli/format.py": {"executed_lines": [3, 5, 6, 7, 8, 9, 11, 14, 16, 25, 27, 35, 37, 44, 46, 49, 72, 74, 75, 76, 77, 78, 79, 80, 83, 84, 85, 86, 87], "summary": {"covered_lines": 29, "num_statements": 47, "percent_covered": 61.702127659574465, "percent_covered_display": "62", "missing_lines": 18, "excluded_lines": 0, "percent_statements_covered": 61.702127659574465, "percent_statements_covered_display": "62"}, "missing_lines": [51, 52, 53, 54, 55, 56, 58, 59, 60, 62, 63, 64, 65, 66, 67, 68, 69, 88], "excluded_lines": [], "functions": {"make_envelope": {"executed_lines": [16], "summary": {"covered_lines": 1, "num_statements": 1, "percent_covered": 100.0, "percent_covered_display": "100", "missing_lines": 0, "excluded_lines": 0, "percent_statements_covered": 100.0, "percent_statements_covered_display": "100"}, "missing_lines": [], "excluded_lines": [], "start_line": 14}, "make_error_envelope": {"executed_lines": [27], "summary": {"covered_lines": 1, "num_statements": 1, "percent_covered": 100.0, "percent_covered_display": "100", "missing_lines": 0, "excluded_lines": 0, "percent_statements_covered": 100.0, "percent_statements_covered_display": "100"}, "missing_lines": [], "excluded_lines": [], "start_line": 25}, "make_dry_run_envelope": {"executed_lines": [37], "summary": {"covered_lines": 1, "num_statements": 1, "percent_covered": 100.0, "percent_covered_display": "100", "missing_lines": 0, "excluded_lines": 0, "percent_statements_covered": 100.0, "percent_statements_covered_display": "100"}, "missing_lines": [], "excluded_lines": [], "start_line": 35}, "print_json": {"executed_lines": [46], "summary": {"covered_lines": 1, "num_statements": 1, "percent_covered": 100.0, "percent_covered_display": "100", "missing_lines": 0, "excluded_lines": 0, "percent_statements_covered": 100.0, "percent_statements_covered_display": "100"}, "missing_lines": [], "excluded_lines": [], "start_line": 44}, "print_table": {"executed_lines": [], "summary": {"covered_lines": 0, "num_statements": 17, "percent_covered": 0.0, "percent_covered_display": "0", "missing_lines": 17, "excluded_lines": 0, "percent_statements_covered": 0.0, "percent_statements_covered_display": "0"}, "missing_lines": [51, 52, 53, 54, 55, 56, 58, 59, 60, 62, 63, 64, 65, 66, 67, 68, 69], "excluded_lines": [], "start_line": 49}, "print_csv": {"executed_lines": [74, 75, 76, 77, 78, 79, 80], "summary": {"covered_lines": 7, "num_statements": 7, "percent_covered": 100.0, "percent_covered_display": "100", "missing_lines": 0, "excluded_lines": 0, "percent_statements_covered": 100.0, "percent_statements_covered_display": "100"}, "missing_lines": [], "excluded_lines": [], "start_line": 72}, "_json_default": {"executed_lines": [84, 85, 86, 87], "summary": {"covered_lines": 4, "num_statements": 5, "percent_covered": 80.0, "percent_covered_display": "80", "missing_lines": 1, "excluded_lines": 0, "percent_statements_covered": 80.0, "percent_statements_covered_display": "80"}, "missing_lines": [88], "excluded_lines": [], "start_line": 83}, "": {"executed_lines": [3, 5, 6, 7, 8, 9, 11, 14, 25, 35, 44, 49, 72, 83], "summary": {"covered_lines": 14, "num_statements": 14, "percent_covered": 100.0, "percent_covered_display": "100", "missing_lines": 0, "excluded_lines": 0, "percent_statements_covered": 100.0, "percent_statements_covered_display": "100"}, "missing_lines": [], "excluded_lines": [], "start_line": 1}}, "classes": {"": {"executed_lines": [3, 5, 6, 7, 8, 9, 11, 14, 16, 25, 27, 35, 37, 44, 46, 49, 72, 74, 75, 76, 77, 78, 79, 80, 83, 84, 85, 86, 87], "summary": {"covered_lines": 29, "num_statements": 47, "percent_covered": 61.702127659574465, "percent_covered_display": "62", "missing_lines": 18, "excluded_lines": 0, "percent_statements_covered": 61.702127659574465, "percent_statements_covered_display": "62"}, "missing_lines": [51, 52, 53, 54, 55, 56, 58, 59, 60, 62, 63, 64, 65, 66, 67, 68, 69, 88], "excluded_lines": [], "start_line": 1}}}, "onefinance/core/__init__.py": {"executed_lines": [], "summary": {"covered_lines": 0, "num_statements": 0, "percent_covered": 100.0, "percent_covered_display": "100", "missing_lines": 0, "excluded_lines": 0, "percent_statements_covered": 100.0, "percent_statements_covered_display": "100"}, "missing_lines": [], "excluded_lines": [], "functions": {"": {"executed_lines": [], "summary": {"covered_lines": 0, "num_statements": 0, "percent_covered": 100.0, "percent_covered_display": "100", "missing_lines": 0, "excluded_lines": 0, "percent_statements_covered": 100.0, "percent_statements_covered_display": "100"}, "missing_lines": [], "excluded_lines": [], "start_line": 1}}, "classes": {"": {"executed_lines": [], "summary": {"covered_lines": 0, "num_statements": 0, "percent_covered": 100.0, "percent_covered_display": "100", "missing_lines": 0, "excluded_lines": 0, "percent_statements_covered": 100.0, "percent_statements_covered_display": "100"}, "missing_lines": [], "excluded_lines": [], "start_line": 1}}}, "onefinance/core/client.py": {"executed_lines": [9, 11, 12, 13, 14, 15, 16, 21, 22, 23, 24, 25, 30, 31, 34, 54, 55, 57, 59, 62, 86, 98, 101, 104, 106, 107, 108, 109, 112, 117, 120, 123, 124, 125, 130, 132, 133, 139, 140, 144, 158, 183, 184, 186, 187, 193, 194, 196, 198, 199, 207, 222, 223, 225, 226, 228, 235, 237, 246, 258, 259, 261, 269, 271, 273, 304, 338, 369, 402, 436, 467, 490, 492, 493, 495, 504, 510, 532, 553, 574, 598, 619, 641, 662, 683, 708, 710, 720, 736, 739, 740, 741, 742, 743, 748, 751, 759, 760, 762, 770, 772, 774, 775, 776, 779, 786, 787, 789], "summary": {"covered_lines": 108, "num_statements": 172, "percent_covered": 62.7906976744186, "percent_covered_display": "63", "missing_lines": 64, "excluded_lines": 2, "percent_statements_covered": 62.7906976744186, "percent_statements_covered_display": "63"}, "missing_lines": [99, 105, 142, 152, 172, 174, 201, 270, 287, 293, 295, 317, 318, 323, 325, 350, 351, 353, 361, 362, 363, 384, 390, 392, 415, 420, 422, 448, 449, 451, 459, 460, 461, 520, 521, 523, 541, 542, 544, 562, 563, 565, 583, 584, 586, 594, 595, 596, 607, 608, 610, 629, 630, 632, 650, 651, 653, 671, 672, 674, 692, 693, 695, 773], "excluded_lines": [18, 19], "functions": {"OneFinanceClient.__init__": {"executed_lines": [98, 101, 104, 106, 107, 108, 109, 112, 117, 120, 123, 124, 125], "summary": {"covered_lines": 13, "num_statements": 15, "percent_covered": 86.66666666666667, "percent_covered_display": "87", "missing_lines": 2, "excluded_lines": 0, "percent_statements_covered": 86.66666666666667, "percent_statements_covered_display": "87"}, "missing_lines": [99, 105], "excluded_lines": [], "start_line": 86}, "OneFinanceClient.close": {"executed_lines": [132, 133], "summary": {"covered_lines": 2, "num_statements": 2, "percent_covered": 100.0, "percent_covered_display": "100", "missing_lines": 0, "excluded_lines": 0, "percent_statements_covered": 100.0, "percent_statements_covered_display": "100"}, "missing_lines": [], "excluded_lines": [], "start_line": 130}, "OneFinanceClient.audit_log": {"executed_lines": [], "summary": {"covered_lines": 0, "num_statements": 1, "percent_covered": 0.0, "percent_covered_display": "0", "missing_lines": 1, "excluded_lines": 0, "percent_statements_covered": 0.0, "percent_statements_covered_display": "0"}, "missing_lines": [142], "excluded_lines": [], "start_line": 140}, "OneFinanceClient.audit_stats": {"executed_lines": [], "summary": {"covered_lines": 0, "num_statements": 1, "percent_covered": 0.0, "percent_covered_display": "0", "missing_lines": 1, "excluded_lines": 0, "percent_statements_covered": 0.0, "percent_statements_covered_display": "0"}, "missing_lines": [152], "excluded_lines": [], "start_line": 144}, "OneFinanceClient.check_providers": {"executed_lines": [], "summary": {"covered_lines": 0, "num_statements": 2, "percent_covered": 0.0, "percent_covered_display": "0", "missing_lines": 2, "excluded_lines": 0, "percent_statements_covered": 0.0, "percent_statements_covered_display": "0"}, "missing_lines": [172, 174], "excluded_lines": [], "start_line": 158}, "OneFinanceClient.__enter__": {"executed_lines": [184], "summary": {"covered_lines": 1, "num_statements": 1, "percent_covered": 100.0, "percent_covered_display": "100", "missing_lines": 0, "excluded_lines": 0, "percent_statements_covered": 100.0, "percent_statements_covered_display": "100"}, "missing_lines": [], "excluded_lines": [], "start_line": 183}, "OneFinanceClient.__exit__": {"executed_lines": [187], "summary": {"covered_lines": 1, "num_statements": 1, "percent_covered": 100.0, "percent_covered_display": "100", "missing_lines": 0, "excluded_lines": 0, "percent_statements_covered": 100.0, "percent_statements_covered_display": "100"}, "missing_lines": [], "excluded_lines": [], "start_line": 186}, "OneFinanceClient.cache": {"executed_lines": [196], "summary": {"covered_lines": 1, "num_statements": 1, "percent_covered": 100.0, "percent_covered_display": "100", "missing_lines": 0, "excluded_lines": 0, "percent_statements_covered": 100.0, "percent_statements_covered_display": "100"}, "missing_lines": [], "excluded_lines": [], "start_line": 194}, "OneFinanceClient.providers": {"executed_lines": [], "summary": {"covered_lines": 0, "num_statements": 1, "percent_covered": 0.0, "percent_covered_display": "0", "missing_lines": 1, "excluded_lines": 0, "percent_statements_covered": 0.0, "percent_statements_covered_display": "0"}, "missing_lines": [201], "excluded_lines": [], "start_line": 199}, "OneFinanceClient.get_price_history": {"executed_lines": [222, 223, 225, 226, 228, 235, 237], "summary": {"covered_lines": 7, "num_statements": 7, "percent_covered": 100.0, "percent_covered_display": "100", "missing_lines": 0, "excluded_lines": 0, "percent_statements_covered": 100.0, "percent_statements_covered_display": "100"}, "missing_lines": [], "excluded_lines": [], "start_line": 207}, "OneFinanceClient.get_info": {"executed_lines": [258, 259, 261, 269, 271], "summary": {"covered_lines": 5, "num_statements": 6, "percent_covered": 83.33333333333333, "percent_covered_display": "83", "missing_lines": 1, "excluded_lines": 0, "percent_statements_covered": 83.33333333333333, "percent_statements_covered_display": "83"}, "missing_lines": [270], "excluded_lines": [], "start_line": 246}, "OneFinanceClient.get_financials": {"executed_lines": [], "summary": {"covered_lines": 0, "num_statements": 3, "percent_covered": 0.0, "percent_covered_display": "0", "missing_lines": 3, "excluded_lines": 0, "percent_statements_covered": 0.0, "percent_statements_covered_display": "0"}, "missing_lines": [287, 293, 295], "excluded_lines": [], "start_line": 273}, "OneFinanceClient.get_insider_trades": {"executed_lines": [], "summary": {"covered_lines": 0, "num_statements": 4, "percent_covered": 0.0, "percent_covered_display": "0", "missing_lines": 4, "excluded_lines": 0, "percent_statements_covered": 0.0, "percent_statements_covered_display": "0"}, "missing_lines": [317, 318, 323, 325], "excluded_lines": [], "start_line": 304}, "OneFinanceClient.get_quote": {"executed_lines": [], "summary": {"covered_lines": 0, "num_statements": 6, "percent_covered": 0.0, "percent_covered_display": "0", "missing_lines": 6, "excluded_lines": 0, "percent_statements_covered": 0.0, "percent_statements_covered_display": "0"}, "missing_lines": [350, 351, 353, 361, 362, 363], "excluded_lines": [], "start_line": 338}, "OneFinanceClient.get_ratios": {"executed_lines": [], "summary": {"covered_lines": 0, "num_statements": 3, "percent_covered": 0.0, "percent_covered_display": "0", "missing_lines": 3, "excluded_lines": 0, "percent_statements_covered": 0.0, "percent_statements_covered_display": "0"}, "missing_lines": [384, 390, 392], "excluded_lines": [], "start_line": 369}, "OneFinanceClient.get_earnings": {"executed_lines": [], "summary": {"covered_lines": 0, "num_statements": 3, "percent_covered": 0.0, "percent_covered_display": "0", "missing_lines": 3, "excluded_lines": 0, "percent_statements_covered": 0.0, "percent_statements_covered_display": "0"}, "missing_lines": [415, 420, 422], "excluded_lines": [], "start_line": 402}, "OneFinanceClient.get_dcf": {"executed_lines": [], "summary": {"covered_lines": 0, "num_statements": 6, "percent_covered": 0.0, "percent_covered_display": "0", "missing_lines": 6, "excluded_lines": 0, "percent_statements_covered": 0.0, "percent_statements_covered_display": "0"}, "missing_lines": [448, 449, 451, 459, 460, 461], "excluded_lines": [], "start_line": 436}, "OneFinanceClient.get_indicators": {"executed_lines": [490, 492, 493, 495, 504], "summary": {"covered_lines": 5, "num_statements": 5, "percent_covered": 100.0, "percent_covered_display": "100", "missing_lines": 0, "excluded_lines": 0, "percent_statements_covered": 100.0, "percent_statements_covered_display": "100"}, "missing_lines": [], "excluded_lines": [], "start_line": 467}, "OneFinanceClient.get_news": {"executed_lines": [], "summary": {"covered_lines": 0, "num_statements": 3, "percent_covered": 0.0, "percent_covered_display": "0", "missing_lines": 3, "excluded_lines": 0, "percent_statements_covered": 0.0, "percent_statements_covered_display": "0"}, "missing_lines": [520, 521, 523], "excluded_lines": [], "start_line": 510}, "OneFinanceClient.get_corporate_actions": {"executed_lines": [], "summary": {"covered_lines": 0, "num_statements": 3, "percent_covered": 0.0, "percent_covered_display": "0", "missing_lines": 3, "excluded_lines": 0, "percent_statements_covered": 0.0, "percent_statements_covered_display": "0"}, "missing_lines": [541, 542, 544], "excluded_lines": [], "start_line": 532}, "OneFinanceClient.get_institutional_holders": {"executed_lines": [], "summary": {"covered_lines": 0, "num_statements": 3, "percent_covered": 0.0, "percent_covered_display": "0", "missing_lines": 3, "excluded_lines": 0, "percent_statements_covered": 0.0, "percent_statements_covered_display": "0"}, "missing_lines": [562, 563, 565], "excluded_lines": [], "start_line": 553}, "OneFinanceClient.get_analyst_data": {"executed_lines": [], "summary": {"covered_lines": 0, "num_statements": 6, "percent_covered": 0.0, "percent_covered_display": "0", "missing_lines": 6, "excluded_lines": 0, "percent_statements_covered": 0.0, "percent_statements_covered_display": "0"}, "missing_lines": [583, 584, 586, 594, 595, 596], "excluded_lines": [], "start_line": 574}, "OneFinanceClient.get_options_expirations": {"executed_lines": [], "summary": {"covered_lines": 0, "num_statements": 3, "percent_covered": 0.0, "percent_covered_display": "0", "missing_lines": 3, "excluded_lines": 0, "percent_statements_covered": 0.0, "percent_statements_covered_display": "0"}, "missing_lines": [607, 608, 610], "excluded_lines": [], "start_line": 598}, "OneFinanceClient.get_option_chain": {"executed_lines": [], "summary": {"covered_lines": 0, "num_statements": 3, "percent_covered": 0.0, "percent_covered_display": "0", "missing_lines": 3, "excluded_lines": 0, "percent_statements_covered": 0.0, "percent_statements_covered_display": "0"}, "missing_lines": [629, 630, 632], "excluded_lines": [], "start_line": 619}, "OneFinanceClient.screen_stocks": {"executed_lines": [], "summary": {"covered_lines": 0, "num_statements": 3, "percent_covered": 0.0, "percent_covered_display": "0", "missing_lines": 3, "excluded_lines": 0, "percent_statements_covered": 0.0, "percent_statements_covered_display": "0"}, "missing_lines": [650, 651, 653], "excluded_lines": [], "start_line": 641}, "OneFinanceClient.get_sector_overview": {"executed_lines": [], "summary": {"covered_lines": 0, "num_statements": 3, "percent_covered": 0.0, "percent_covered_display": "0", "missing_lines": 3, "excluded_lines": 0, "percent_statements_covered": 0.0, "percent_statements_covered_display": "0"}, "missing_lines": [671, 672, 674], "excluded_lines": [], "start_line": 662}, "OneFinanceClient.get_forward_estimates": {"executed_lines": [], "summary": {"covered_lines": 0, "num_statements": 3, "percent_covered": 0.0, "percent_covered_display": "0", "missing_lines": 3, "excluded_lines": 0, "percent_statements_covered": 0.0, "percent_statements_covered_display": "0"}, "missing_lines": [692, 693, 695], "excluded_lines": [], "start_line": 683}, "OneFinanceClient._default_ttl": {"executed_lines": [710], "summary": {"covered_lines": 1, "num_statements": 1, "percent_covered": 100.0, "percent_covered_display": "100", "missing_lines": 0, "excluded_lines": 0, "percent_statements_covered": 100.0, "percent_statements_covered_display": "100"}, "missing_lines": [], "excluded_lines": [], "start_line": 708}, "OneFinanceClient._cached_fetch": {"executed_lines": [736, 739, 740, 741, 742, 743, 748, 751, 759, 760, 762], "summary": {"covered_lines": 11, "num_statements": 11, "percent_covered": 100.0, "percent_covered_display": "100", "missing_lines": 0, "excluded_lines": 0, "percent_statements_covered": 100.0, "percent_statements_covered_display": "100"}, "missing_lines": [], "excluded_lines": [], "start_line": 720}, "_parse_date": {"executed_lines": [772, 774, 775, 776], "summary": {"covered_lines": 4, "num_statements": 5, "percent_covered": 80.0, "percent_covered_display": "80", "missing_lines": 1, "excluded_lines": 0, "percent_statements_covered": 80.0, "percent_statements_covered_display": "80"}, "missing_lines": [773], "excluded_lines": [], "start_line": 770}, "_providers_from_config": {"executed_lines": [786, 787, 789], "summary": {"covered_lines": 3, "num_statements": 3, "percent_covered": 100.0, "percent_covered_display": "100", "missing_lines": 0, "excluded_lines": 0, "percent_statements_covered": 100.0, "percent_statements_covered_display": "100"}, "missing_lines": [], "excluded_lines": [], "start_line": 779}, "": {"executed_lines": [9, 11, 12, 13, 14, 15, 16, 21, 22, 23, 24, 25, 30, 31, 34, 54, 55, 57, 59, 62, 86, 130, 139, 140, 144, 158, 183, 186, 193, 194, 198, 199, 207, 246, 273, 304, 338, 369, 402, 436, 467, 510, 532, 553, 574, 598, 619, 641, 662, 683, 708, 720, 770, 779], "summary": {"covered_lines": 54, "num_statements": 54, "percent_covered": 100.0, "percent_covered_display": "100", "missing_lines": 0, "excluded_lines": 2, "percent_statements_covered": 100.0, "percent_statements_covered_display": "100"}, "missing_lines": [], "excluded_lines": [18, 19], "start_line": 1}}, "classes": {"OneFinanceClient": {"executed_lines": [98, 101, 104, 106, 107, 108, 109, 112, 117, 120, 123, 124, 125, 132, 133, 184, 187, 196, 222, 223, 225, 226, 228, 235, 237, 258, 259, 261, 269, 271, 490, 492, 493, 495, 504, 710, 736, 739, 740, 741, 742, 743, 748, 751, 759, 760, 762], "summary": {"covered_lines": 47, "num_statements": 110, "percent_covered": 42.72727272727273, "percent_covered_display": "43", "missing_lines": 63, "excluded_lines": 0, "percent_statements_covered": 42.72727272727273, "percent_statements_covered_display": "43"}, "missing_lines": [99, 105, 142, 152, 172, 174, 201, 270, 287, 293, 295, 317, 318, 323, 325, 350, 351, 353, 361, 362, 363, 384, 390, 392, 415, 420, 422, 448, 449, 451, 459, 460, 461, 520, 521, 523, 541, 542, 544, 562, 563, 565, 583, 584, 586, 594, 595, 596, 607, 608, 610, 629, 630, 632, 650, 651, 653, 671, 672, 674, 692, 693, 695], "excluded_lines": [], "start_line": 62}, "": {"executed_lines": [9, 11, 12, 13, 14, 15, 16, 21, 22, 23, 24, 25, 30, 31, 34, 54, 55, 57, 59, 62, 86, 130, 139, 140, 144, 158, 183, 186, 193, 194, 198, 199, 207, 246, 273, 304, 338, 369, 402, 436, 467, 510, 532, 553, 574, 598, 619, 641, 662, 683, 708, 720, 770, 772, 774, 775, 776, 779, 786, 787, 789], "summary": {"covered_lines": 61, "num_statements": 62, "percent_covered": 98.38709677419355, "percent_covered_display": "98", "missing_lines": 1, "excluded_lines": 2, "percent_statements_covered": 98.38709677419355, "percent_statements_covered_display": "98"}, "missing_lines": [773], "excluded_lines": [18, 19], "start_line": 1}}}, "onefinance/core/config.py": {"executed_lines": [9, 11, 12, 13, 14, 15, 17, 27, 58, 59, 62, 63, 64, 66, 67, 69, 70, 71, 74, 75, 78, 79, 82, 83, 86, 87, 88, 91, 92, 109, 110, 113, 114, 116, 123, 124, 125, 126, 127, 128, 129, 131, 138, 139, 140, 141, 142, 143, 144, 145, 146, 147, 148, 151, 157, 158, 159, 161, 162, 163, 164, 166, 167, 172, 173, 175, 178, 180, 195, 198, 199, 200, 201, 210, 211, 212, 213, 216, 219, 220, 227, 228, 233], "summary": {"covered_lines": 83, "num_statements": 87, "percent_covered": 95.40229885057471, "percent_covered_display": "95", "missing_lines": 4, "excluded_lines": 0, "percent_statements_covered": 95.40229885057471, "percent_statements_covered_display": "95"}, "missing_lines": [168, 169, 170, 207], "excluded_lines": [], "functions": {"ProviderConfig.api_key": {"executed_lines": [69, 70, 71], "summary": {"covered_lines": 3, "num_statements": 3, "percent_covered": 100.0, "percent_covered_display": "100", "missing_lines": 0, "excluded_lines": 0, "percent_statements_covered": 100.0, "percent_statements_covered_display": "100"}, "missing_lines": [], "excluded_lines": [], "start_line": 67}, "OneFinanceConfig.get_tier_list": {"executed_lines": [123, 124, 125, 126, 127, 128, 129], "summary": {"covered_lines": 7, "num_statements": 7, "percent_covered": 100.0, "percent_covered_display": "100", "missing_lines": 0, "excluded_lines": 0, "percent_statements_covered": 100.0, "percent_statements_covered_display": "100"}, "missing_lines": [], "excluded_lines": [], "start_line": 116}, "OneFinanceConfig.flat_tier_refs": {"executed_lines": [138, 139, 140, 141, 142, 143, 144, 145, 146, 147, 148], "summary": {"covered_lines": 11, "num_statements": 11, "percent_covered": 100.0, "percent_covered_display": "100", "missing_lines": 0, "excluded_lines": 0, "percent_statements_covered": 100.0, "percent_statements_covered_display": "100"}, "missing_lines": [], "excluded_lines": [], "start_line": 131}, "load_config": {"executed_lines": [157, 158, 159, 161, 162, 163, 164, 166, 167, 172, 173, 175], "summary": {"covered_lines": 12, "num_statements": 15, "percent_covered": 80.0, "percent_covered_display": "80", "missing_lines": 3, "excluded_lines": 0, "percent_statements_covered": 80.0, "percent_statements_covered_display": "80"}, "missing_lines": [168, 169, 170], "excluded_lines": [], "start_line": 151}, "_default_config": {"executed_lines": [180], "summary": {"covered_lines": 1, "num_statements": 1, "percent_covered": 100.0, "percent_covered_display": "100", "missing_lines": 0, "excluded_lines": 0, "percent_statements_covered": 100.0, "percent_statements_covered_display": "100"}, "missing_lines": [], "excluded_lines": [], "start_line": 178}, "_parse_config": {"executed_lines": [198, 199, 200, 201, 210, 211, 212, 213, 216, 219, 220, 227, 228, 233], "summary": {"covered_lines": 14, "num_statements": 15, "percent_covered": 93.33333333333333, "percent_covered_display": "93", "missing_lines": 1, "excluded_lines": 0, "percent_statements_covered": 93.33333333333333, "percent_statements_covered_display": "93"}, "missing_lines": [207], "excluded_lines": [], "start_line": 195}, "": {"executed_lines": [9, 11, 12, 13, 14, 15, 17, 27, 58, 59, 62, 63, 64, 66, 67, 74, 75, 78, 79, 82, 83, 86, 87, 88, 91, 92, 109, 110, 113, 114, 116, 131, 151, 178, 195], "summary": {"covered_lines": 35, "num_statements": 35, "percent_covered": 100.0, "percent_covered_display": "100", "missing_lines": 0, "excluded_lines": 0, "percent_statements_covered": 100.0, "percent_statements_covered_display": "100"}, "missing_lines": [], "excluded_lines": [], "start_line": 1}}, "classes": {"ProviderConfig": {"executed_lines": [69, 70, 71], "summary": {"covered_lines": 3, "num_statements": 3, "percent_covered": 100.0, "percent_covered_display": "100", "missing_lines": 0, "excluded_lines": 0, "percent_statements_covered": 100.0, "percent_statements_covered_display": "100"}, "missing_lines": [], "excluded_lines": [], "start_line": 59}, "CooldownConfig": {"executed_lines": [], "summary": {"covered_lines": 0, "num_statements": 0, "percent_covered": 100.0, "percent_covered_display": "100", "missing_lines": 0, "excluded_lines": 0, "percent_statements_covered": 100.0, "percent_statements_covered_display": "100"}, "missing_lines": [], "excluded_lines": [], "st
[...]
", "missing_lines": 15, "excluded_lines": 0, "percent_statements_covered": 0.0, "percent_statements_covered_display": "0"}, "missing_lines": [749, 751, 752, 753, 754, 755, 756, 758, 759, 760, 761, 777, 778, 779, 780], "excluded_lines": [], "start_line": 747}, "FMPProvider.get_analyst_data": {"executed_lines": [], "summary": {"covered_lines": 0, "num_statements": 12, "percent_covered": 0.0, "percent_covered_display": "0", "missing_lines": 12, "excluded_lines": 0, "percent_statements_covered": 0.0, "percent_statements_covered_display": "0"}, "missing_lines": [784, 786, 787, 789, 790, 791, 793, 794, 795, 797, 798, 805], "excluded_lines": [], "start_line": 782}, "FMPProvider.screen_stocks": {"executed_lines": [], "summary": {"covered_lines": 0, "num_statements": 10, "percent_covered": 0.0, "percent_covered_display": "0", "missing_lines": 10, "excluded_lines": 0, "percent_statements_covered": 0.0, "percent_statements_covered_display": "0"}, "missing_lines": [826, 827, 829, 831, 832, 833, 835, 836, 837, 850], "excluded_lines": [], "start_line": 820}, "FMPProvider.is_rate_limited": {"executed_lines": [858, 859, 860, 861, 862, 863], "summary": {"covered_lines": 6, "num_statements": 12, "percent_covered": 50.0, "percent_covered_display": "50", "missing_lines": 6, "excluded_lines": 0, "percent_statements_covered": 50.0, "percent_statements_covered_display": "50"}, "missing_lines": [864, 865, 866, 867, 868, 869], "excluded_lines": [], "start_line": 856}, "FMPProvider.cooldown_for": {"executed_lines": [873], "summary": {"covered_lines": 1, "num_statements": 1, "percent_covered": 100.0, "percent_covered_display": "100", "missing_lines": 0, "excluded_lines": 0, "percent_statements_covered": 100.0, "percent_statements_covered_display": "100"}, "missing_lines": [], "excluded_lines": [], "start_line": 871}, "FMPProvider.get_forward_estimates": {"executed_lines": [], "summary": {"covered_lines": 0, "num_statements": 16, "percent_covered": 0.0, "percent_covered_display": "0", "missing_lines": 16, "excluded_lines": 0, "percent_statements_covered": 0.0, "percent_statements_covered_display": "0"}, "missing_lines": [877, 878, 880, 882, 883, 885, 886, 887, 888, 889, 890, 891, 892, 894, 896, 909], "excluded_lines": [], "start_line": 875}, "": {"executed_lines": [12, 14, 15, 16, 17, 19, 21, 25, 43, 44, 54, 56, 58, 59, 62, 77, 78, 80, 97, 119, 156, 165, 179, 195, 205, 206, 233, 267, 311, 364, 390, 415, 441, 502, 550, 621, 663, 696, 747, 782, 820, 856, 871, 875], "summary": {"covered_lines": 44, "num_statements": 44, "percent_covered": 100.0, "percent_covered_display": "100", "missing_lines": 0, "excluded_lines": 0, "percent_statements_covered": 100.0, "percent_statements_covered_display": "100"}, "missing_lines": [], "excluded_lines": [], "start_line": 1}}, "classes": {"FMPProvider": {"executed_lines": [87, 88, 89, 90, 91, 98, 99, 100, 101, 102, 104, 105, 106, 109, 110, 111, 112, 113, 126, 127, 128, 130, 132, 133, 140, 141, 150, 173, 174, 175, 176, 177, 182, 183, 193, 196, 197, 198, 199, 200, 203, 207, 209, 213, 214, 215, 235, 236, 238, 240, 241, 248, 250, 269, 270, 272, 274, 275, 282, 284, 285, 286, 287, 289, 326, 327, 329, 335, 336, 337, 347, 349, 354, 357, 358, 359, 360, 362, 367, 368, 369, 371, 391, 392, 393, 395, 416, 417, 418, 420, 447, 448, 450, 452, 457, 460, 461, 462, 463, 464, 466, 496, 504, 505, 507, 509, 512, 513, 514, 515, 518, 519, 521, 544, 559, 560, 562, 564, 566, 567, 569, 570, 571, 572, 575, 577, 578, 580, 581, 584, 585, 587, 588, 594, 595, 596, 598, 615, 858, 859, 860, 861, 862, 863, 873], "summary": {"covered_lines": 145, "num_statements": 278, "percent_covered": 52.15827338129496, "percent_covered_display": "52", "missing_lines": 133, "excluded_lines": 0, "percent_statements_covered": 52.15827338129496, "percent_statements_covered_display": "52"}, "missing_lines": [103, 107, 108, 142, 143, 144, 188, 189, 201, 202, 210, 211, 355, 458, 510, 516, 573, 586, 589, 590, 592, 623, 624, 626, 628, 629, 636, 638, 639, 640, 642, 643, 650, 665, 667, 668, 669, 670, 671, 672, 674, 675, 676, 677, 678, 679, 691, 692, 693, 694, 698, 700, 701, 702, 704, 705, 706, 707, 708, 709, 721, 722, 724, 725, 726, 727, 728, 729, 730, 731, 732, 742, 743, 745, 749, 751, 752, 753, 754, 755, 756, 758, 759, 760, 761, 777, 778, 779, 780, 784, 786, 787, 789, 790, 791, 793, 794, 795, 797, 798, 805, 826, 827, 829, 831, 832, 833, 835, 836, 837, 850, 864, 865, 866, 867, 868, 869, 877, 878, 880, 882, 883, 885, 886, 887, 888, 889, 890, 891, 892, 894, 896, 909], "excluded_lines": [], "start_line": 62}, "": {"executed_lines": [12, 14, 15, 16, 17, 19, 21, 25, 43, 44, 54, 56, 58, 59, 62, 77, 78, 80, 97, 119, 156, 165, 179, 195, 205, 206, 233, 267, 311, 364, 390, 415, 441, 502, 550, 621, 663, 696, 747, 782, 820, 856, 871, 875], "summary": {"covered_lines": 44, "num_statements": 44, "percent_covered": 100.0, "percent_covered_display": "100", "missing_lines": 0, "excluded_lines": 0, "percent_statements_covered": 100.0, "percent_statements_covered_display": "100"}, "missing_lines": [], "excluded_lines": [], "start_line": 1}}}, "onefinance/providers/twelve_data.py": {"executed_lines": [12, 14, 15, 16, 17, 19, 21, 22, 23, 24, 30, 32, 34, 35, 38, 53, 55, 62, 63, 64, 67, 68, 74, 75, 76, 77, 79, 80, 83, 84, 85, 91, 93, 94, 95, 97, 99, 107, 108, 109, 115, 121, 129, 130, 132, 143, 145, 157, 158, 159, 161, 162, 163, 164, 165, 169, 170, 172, 191, 197, 199, 200, 202, 204, 205, 212, 213, 214, 218, 233, 246], "summary": {"covered_lines": 71, "num_statements": 94, "percent_covered": 75.53191489361703, "percent_covered_display": "76", "missing_lines": 23, "excluded_lines": 0, "percent_statements_covered": 75.53191489361703, "percent_statements_covered_display": "76"}, "missing_lines": [78, 81, 82, 100, 166, 167, 187, 188, 189, 215, 216, 234, 235, 236, 237, 238, 239, 240, 241, 242, 243, 244, 247], "excluded_lines": [], "functions": {"TwelveDataProvider.__init__": {"executed_lines": [62, 63, 64, 67, 68], "summary": {"covered_lines": 5, "num_statements": 5, "percent_covered": 100.0, "percent_covered_display": "100", "missing_lines": 0, "excluded_lines": 0, "percent_statements_covered": 100.0, "percent_statements_covered_display": "100"}, "missing_lines": [], "excluded_lines": [], "start_line": 55}, "TwelveDataProvider._rate_limit_signals": {"executed_lines": [75, 76, 77, 79, 80, 83, 84, 85], "summary": {"covered_lines": 8, "num_statements": 11, "percent_covered": 72.72727272727273, "percent_covered_display": "73", "missing_lines": 3, "excluded_lines": 0, "percent_statements_covered": 72.72727272727273, "percent_statements_covered_display": "73"}, "missing_lines": [78, 81, 82], "excluded_lines": [], "start_line": 74}, "TwelveDataProvider._get": {"executed_lines": [93, 94, 95, 97, 99, 107, 108, 109, 115], "summary": {"covered_lines": 9, "num_statements": 10, "percent_covered": 90.0, "percent_covered_display": "90", "missing_lines": 1, "excluded_lines": 0, "percent_statements_covered": 90.0, "percent_statements_covered_display": "90"}, "missing_lines": [100], "excluded_lines": [], "start_line": 91}, "TwelveDataProvider.get_price_history": {"executed_lines": [129, 130, 132, 143, 145, 157, 158, 159, 161, 162, 163, 164, 165, 169, 170, 172, 191], "summary": {"covered_lines": 17, "num_statements": 22, "percent_covered": 77.27272727272727, "percent_covered_display": "77", "missing_lines": 5, "excluded_lines": 0, "percent_statements_covered": 77.27272727272727, "percent_statements_covered_display": "77"}, "missing_lines": [166, 167, 187, 188, 189], "excluded_lines": [], "start_line": 121}, "TwelveDataProvider.get_quote": {"executed_lines": [199, 200, 202, 204, 205, 212, 213, 214, 218], "summary": {"covered_lines": 9, "num_statements": 11, "percent_covered": 81.81818181818181, "percent_covered_display": "82", "missing_lines": 2, "excluded_lines": 0, "percent_statements_covered": 81.81818181818181, "percent_statements_covered_display": "82"}, "missing_lines": [215, 216], "excluded_lines": [], "start_line": 197}, "TwelveDataProvider.is_rate_limited": {"executed_lines": [], "summary": {"covered_lines": 0, "num_statements": 11, "percent_covered": 0.0, "percent_covered_display": "0", "missing_lines": 11, "excluded_lines": 0, "percent_statements_covered": 0.0, "percent_statements_covered_display": "0"}, "missing_lines": [234, 235, 236, 237, 238, 239, 240, 241, 242, 243, 244], "excluded_lines": [], "start_line": 233}, "TwelveDataProvider.cooldown_for": {"executed_lines": [], "summary": {"covered_lines": 0, "num_statements": 1, "percent_covered": 0.0, "percent_covered_display": "0", "missing_lines": 1, "excluded_lines": 0, "percent_statements_covered": 0.0, "percent_statements_covered_display": "0"}, "missing_lines": [247], "excluded_lines": [], "start_line": 246}, "": {"executed_lines": [12, 14, 15, 16, 17, 19, 21, 22, 23, 24, 30, 32, 34, 35, 38, 53, 55, 74, 91, 121, 197, 233, 246], "summary": {"covered_lines": 23, "num_statements": 23, "percent_covered": 100.0, "percent_covered_display": "100", "missing_lines": 0, "excluded_lines": 0, "percent_statements_covered": 100.0, "percent_statements_covered_display": "100"}, "missing_lines": [], "excluded_lines": [], "start_line": 1}}, "classes": {"TwelveDataProvider": {"executed_lines": [62, 63, 64, 67, 68, 75, 76, 77, 79, 80, 83, 84, 85, 93, 94, 95, 97, 99, 107, 108, 109, 115, 129, 130, 132, 143, 145, 157, 158, 159, 161, 162, 163, 164, 165, 169, 170, 172, 191, 199, 200, 202, 204, 205, 212, 213, 214, 218], "summary": {"covered_lines": 48, "num_statements": 71, "percent_covered": 67.6056338028169, "percent_covered_display": "68", "missing_lines": 23, "excluded_lines": 0, "percent_statements_covered": 67.6056338028169, "percent_statements_covered_display": "68"}, "missing_lines": [78, 81, 82, 100, 166, 167, 187, 188, 189, 215, 216, 234, 235, 236, 237, 238, 239, 240, 241, 242, 243, 244, 247], "excluded_lines": [], "start_line": 38}, "": {"executed_lines": [12, 14, 15, 16, 17, 19, 21, 22, 23, 24, 30, 32, 34, 35, 38, 53, 55, 74, 91, 121, 197, 233, 246], "summary": {"covered_lines": 23, "num_statements": 23, "percent_covered": 100.0, "percent_covered_display": "100", "missing_lines": 0, "excluded_lines": 0, "percent_statements_covered": 100.0, "percent_statements_covered_display": "100"}, "missing_lines": [], "excluded_lines": [], "start_line": 1}}}, "onefinance/providers/yfinance_provider.py": {"executed_lines": [11, 13, 14, 15, 17, 19, 20, 33, 34, 36, 38, 41, 44, 46, 47, 53, 71, 72, 73, 75, 76, 82, 83, 90, 91, 93, 94, 95, 97, 98, 99, 125, 131, 171, 173, 174, 175, 177, 178, 179, 180, 187, 188, 196, 197, 198, 199, 201, 223, 262, 313, 357, 388, 402, 452, 481, 528, 535, 536, 538, 539, 540, 541, 543, 545], "summary": {"covered_lines": 65, "num_statements": 187, "percent_covered": 34.75935828877005, "percent_covered_display": "35", "missing_lines": 122, "excluded_lines": 0, "percent_statements_covered": 34.75935828877005, "percent_statements_covered_display": "35"}, "missing_lines": [116, 117, 123, 133, 134, 135, 137, 138, 139, 140, 147, 148, 155, 225, 227, 228, 229, 231, 232, 233, 234, 241, 242, 243, 244, 245, 257, 258, 259, 260, 264, 266, 267, 268, 270, 271, 272, 273, 274, 281, 282, 283, 284, 285, 296, 297, 298, 299, 311, 315, 317, 318, 319, 321, 322, 323, 324, 331, 332, 334, 335, 336, 337, 351, 352, 353, 355, 359, 361, 362, 363, 365, 366, 367, 368, 375, 390, 391, 392, 393, 394, 395, 404, 405, 406, 407, 409, 410, 411, 412, 419, 420, 432, 437, 443, 454, 456, 457, 458, 459, 460, 461, 468, 469, 470, 472, 483, 484, 485, 487, 489, 490, 491, 492, 499, 502, 503, 505, 506, 507, 509, 522], "excluded_lines": [], "functions": {"YFinanceProvider.__init__": {"executed_lines": [47], "summary": {"covered_lines": 1, "num_statements": 1, "percent_covered": 100.0, "percent_covered_display": "100", "missing_lines": 0, "excluded_lines": 0, "percent_statements_covered": 100.0, "percent_statements_covered_display": "100"}, "missing_lines": [], "excluded_lines": [], "start_line": 46}, "YFinanceProvider.get_price_history": {"executed_lines": [71, 72, 73, 75, 76, 82, 83, 90, 91, 93, 94, 95, 97, 98, 99, 125], "summary": {"covered_lines": 16, "num_statements": 19, "percent_covered": 84.21052631578948, "percent_covered_display": "84", "missing_lines": 3, "excluded_lines": 0, "percent_statements_covered": 84.21052631578948, "percent_statements_covered_display": "84"}, "missing_lines": [116, 117, 123], "excluded_lines": [], "start_line": 53}, "YFinanceProvider.get_quote": {"executed_lines": [], "summary": {"covered_lines": 0, "num_statements": 10, "percent_covered": 0.0, "percent_covered_display": "0", "missing_lines": 10, "excluded_lines": 0, "percent_statements_covered": 0.0, "percent_statements_covered_display": "0"}, "missing_lines": [133, 134, 135, 137, 138, 139, 140, 147, 148, 155], "excluded_lines": [], "start_line": 131}, "YFinanceProvider.get_info": {"executed_lines": [173, 174, 175, 177, 178, 179, 180, 187, 188, 196, 197, 198, 199, 201], "summary": {"covered_lines": 14, "num_statements": 14, "percent_covered": 100.0, "percent_covered_display": "100", "missing_lines": 0, "excluded_lines": 0, "percent_statements_covered": 100.0, "percent_statements_covered_display": "100"}, "missing_lines": [], "excluded_lines": [], "start_line": 171}, "YFinanceProvider.get_news": {"executed_lines": [], "summary": {"covered_lines": 0, "num_statements": 17, "percent_covered": 0.0, "percent_covered_display": "0", "missing_lines": 17, "excluded_lines": 0, "percent_statements_covered": 0.0, "percent_statements_covered_display": "0"}, "missing_lines": [225, 227, 228, 229, 231, 232, 233, 234, 241, 242, 243, 244, 245, 257, 258, 259, 260], "excluded_lines": [], "start_line": 223}, "YFinanceProvider.get_corporate_actions": {"executed_lines": [], "summary": {"covered_lines": 0, "num_statements": 19, "percent_covered": 0.0, "percent_covered_display": "0", "missing_lines": 19, "excluded_lines": 0, "percent_statements_covered": 0.0, "percent_statements_covered_display": "0"}, "missing_lines": [264, 266, 267, 268, 270, 271, 272, 273, 274, 281, 282, 283, 284, 285, 296, 297, 298, 299, 311], "excluded_lines": [], "start_line": 262}, "YFinanceProvider.get_institutional_holders": {"executed_lines": [], "summary": {"covered_lines": 0, "num_statements": 18, "percent_covered": 0.0, "percent_covered_display": "0", "missing_lines": 18, "excluded_lines": 0, "percent_statements_covered": 0.0, "percent_statements_covered_display": "0"}, "missing_lines": [315, 317, 318, 319, 321, 322, 323, 324, 331, 332, 334, 335, 336, 337, 351, 352, 353, 355], "excluded_lines": [], "start_line": 313}, "YFinanceProvider.get_analyst_data": {"executed_lines": [], "summary": {"covered_lines": 0, "num_statements": 9, "percent_covered": 0.0, "percent_covered_display": "0", "missing_lines": 9, "excluded_lines": 0, "percent_statements_covered": 0.0, "percent_statements_covered_display": "0"}, "missing_lines": [359, 361, 362, 363, 365, 366, 367, 368, 375], "excluded_lines": [], "start_line": 357}, "YFinanceProvider.get_options_expirations": {"executed_lines": [], "summary": {"covered_lines": 0, "num_statements": 6, "percent_covered": 0.0, "percent_covered_display": "0", "missing_lines": 6, "excluded_lines": 0, "percent_statements_covered": 0.0, "percent_statements_covered_display": "0"}, "missing_lines": [390, 391, 392, 393, 394, 395], "excluded_lines": [], "start_line": 388}, "YFinanceProvider.get_option_chain": {"executed_lines": [], "summary": {"covered_lines": 0, "num_statements": 12, "percent_covered": 0.0, "percent_covered_display": "0", "missing_lines": 12, "excluded_lines": 0, "percent_statements_covered": 0.0, "percent_statements_covered_display": "0"}, "missing_lines": [404, 405, 406, 407, 409, 410, 411, 412, 419, 432, 437, 443], "excluded_lines": [], "start_line": 402}, "YFinanceProvider.get_option_chain._parse_contract": {"executed_lines": [], "summary": {"covered_lines": 0, "num_statements": 1, "percent_covered": 0.0, "percent_covered_display": "0", "missing_lines": 1, "excluded_lines": 0, "percent_statements_covered": 0.0, "percent_statements_covered_display": "0"}, "missing_lines": [420], "excluded_lines": [], "start_line": 419}, "YFinanceProvider.get_sector_overview": {"executed_lines": [], "summary": {"covered_lines": 0, "num_statements": 11, "percent_covered": 0.0, "percent_covered_display": "0", "missing_lines": 11, "excluded_lines": 0, "percent_statements_covered": 0.0, "percent_statements_covered_display": "0"}, "missing_lines": [454, 456, 457, 458, 459, 460, 461, 468, 469, 470, 472], "excluded_lines": [], "start_line": 452}, "YFinanceProvider.get_forward_estimates": {"executed_lines": [], "summary": {"covered_lines": 0, "num_statements": 16, "percent_covered": 0.0, "percent_covered_display": "0", "missing_lines": 16, "excluded_lines": 0, "percent_statements_covered": 0.0, "percent_statements_covered_display": "0"}, "missing_lines": [483, 484, 485, 487, 489, 490, 491, 492, 499, 502, 503, 505, 506, 507, 509, 522], "excluded_lines": [], "start_line": 481}, "YFinanceProvider.is_rate_limited": {"executed_lines": [535, 536, 538, 539, 540, 541], "summary": {"covered_lines": 6, "num_statements": 6, "percent_covered": 100.0, "percent_covered_display": "100", "missing_lines": 0, "excluded_lines": 0, "percent_statements_covered": 100.0, "percent_statements_covered_display": "100"}, "missing_lines": [], "excluded_lines": [], "start_line": 528}, "YFinanceProvider.cooldown_for": {"executed_lines": [545], "summary": {"covered_lines": 1, "num_statements": 1, "percent_covered": 100.0, "percent_covered_display": "100", "missing_lines": 0, "excluded_lines": 0, "percent_statements_covered": 100.0, "percent_statements_covered_display": "100"}, "missing_lines": [], "excluded_lines": [], "start_line": 543}, "": {"executed_lines": [11, 13, 14, 15, 17, 19, 20, 33, 34, 36, 38, 41, 44, 46, 53, 131, 171, 223, 262, 313, 357, 388, 402, 452, 481, 528, 543], "summary": {"covered_lines": 27, "num_statements": 27, "percent_covered": 100.0, "percent_covered_display": "100", "missing_lines": 0, "excluded_lines": 0, "percent_statements_covered": 100.0, "percent_statements_covered_display": "100"}, "missing_lines": [], "excluded_lines": [], "start_line": 1}}, "classes": {"YFinanceProvider": {"executed_lines": [47, 71, 72, 73, 75, 76, 82, 83, 90, 91, 93, 94, 95, 97, 98, 99, 125, 173, 174, 175, 177, 178, 179, 180, 187, 188, 196, 197, 198, 199, 201, 535, 536, 538, 539, 540, 541, 545], "summary": {"covered_lines": 38, "num_statements": 160, "percent_covered": 23.75, "percent_covered_display": "24", "missing_lines": 122, "excluded_lines": 0, "percent_statements_covered": 23.75, "percent_statements_covered_display": "24"}, "missing_lines": [116, 117, 123, 133, 134, 135, 137, 138, 139, 140, 147, 148, 155, 225, 227, 228, 229, 231, 232, 233, 234, 241, 242, 243, 244, 245, 257, 258, 259, 260, 264, 266, 267, 268, 270, 271, 272, 273, 274, 281, 282, 283, 284, 285, 296, 297, 298, 299, 311, 315, 317, 318, 319, 321, 322, 323, 324, 331, 332, 334, 335, 336, 337, 351, 352, 353, 355, 359, 361, 362, 363, 365, 366, 367, 368, 375, 390, 391, 392, 393, 394, 395, 404, 405, 406, 407, 409, 410, 411, 412, 419, 420, 432, 437, 443, 454, 456, 457, 458, 459, 460, 461, 468, 469, 470, 472, 483, 484, 485, 487, 489, 490, 491, 492, 499, 502, 503, 505, 506, 507, 509, 522], "excluded_lines": [], "start_line": 41}, "": {"executed_lines": [11, 13, 14, 15, 17, 19, 20, 33, 34, 36, 38, 41, 44, 46, 53, 131, 171, 223, 262, 313, 357, 388, 402, 452, 481, 528, 543], "summary": {"covered_lines": 27, "num_statements": 27, "percent_covered": 100.0, "percent_covered_display": "100", "missing_lines": 0, "excluded_lines": 0, "percent_statements_covered": 100.0, "percent_statements_covered_display": "100"}, "missing_lines": [], "excluded_lines": [], "start_line": 1}}}}, "totals": {"covered_lines": 2105, "num_statements": 2817, "percent_covered": 74.72488462903799, "percent_covered_display": "75", "missing_lines": 712, "excluded_lines": 16, "percent_statements_covered": 74.72488462903799, "percent_statements_covered_display": "75"}}